<?xml version="1.0" encoding="UTF-8"?>
<robot generator="Robot 6.0.2 (Python 3.10.8 on win32)" generated="20230228 16:12:52.512" rpa="false" schemaversion="3">
<suite id="s1" name="UI Suite" source="D:\SCF\triton\robot\UI_Suite">
<suite id="s1-s1" name="Testcases" source="D:\SCF\triton\robot\UI_Suite\testcases">
<suite id="s1-s1-s1" name="regressionTest" source="D:\SCF\triton\robot\UI_Suite\testcases\regressionTest.robot">
<test id="s1-s1-s1-t1" name="Triton Regression test" line="79">
<kw name="Counter party onboarding flow">
<doc>Counter party onboarding into Triton</doc>
<kw name="Set Variable" library="BuiltIn">
<var>${anchorName}</var>
<arg>Jessica Ltd</arg>
<doc>Returns the given values which can then be assigned to a variables.</doc>
<msg timestamp="20230228 16:12:55.514" level="INFO">${anchorName} = Jessica Ltd</msg>
<status status="PASS" starttime="20230228 16:12:55.512" endtime="20230228 16:12:55.516"/>
</kw>
<kw name="Set Test Variable" library="BuiltIn">
<arg>${anchorName}</arg>
<doc>Makes a variable available everywhere within the scope of the current test.</doc>
<msg timestamp="20230228 16:12:55.518" level="INFO">${anchorName} = Jessica Ltd</msg>
<status status="PASS" starttime="20230228 16:12:55.516" endtime="20230228 16:12:55.524"/>
</kw>
<kw name="Set Variable" library="BuiltIn">
<var>${cpName}</var>
<arg>Shelby Hinton Ltd</arg>
<doc>Returns the given values which can then be assigned to a variables.</doc>
<msg timestamp="20230228 16:12:55.527" level="INFO">${cpName} = Shelby Hinton Ltd</msg>
<status status="PASS" starttime="20230228 16:12:55.525" endtime="20230228 16:12:55.528"/>
</kw>
<kw name="Set Test Variable" library="BuiltIn">
<arg>${cpName}</arg>
<doc>Makes a variable available everywhere within the scope of the current test.</doc>
<msg timestamp="20230228 16:12:55.530" level="INFO">${cpName} = Shelby Hinton Ltd</msg>
<status status="PASS" starttime="20230228 16:12:55.528" endtime="20230228 16:12:55.531"/>
</kw>
<kw name="Get Variable Value" library="BuiltIn">
<var>${caseName}</var>
<arg>${cpName}</arg>
<doc>Returns variable value or ``default`` if the variable does not exist.</doc>
<msg timestamp="20230228 16:12:55.533" level="INFO">${caseName} = Shelby Hinton Ltd</msg>
<status status="PASS" starttime="20230228 16:12:55.531" endtime="20230228 16:12:55.535"/>
</kw>
<kw name="Set Test Variable" library="BuiltIn">
<arg>${caseName}</arg>
<doc>Makes a variable available everywhere within the scope of the current test.</doc>
<msg timestamp="20230228 16:12:55.539" level="INFO">${caseName} = Shelby Hinton Ltd</msg>
<status status="PASS" starttime="20230228 16:12:55.536" endtime="20230228 16:12:55.541"/>
</kw>
<kw name="From credit_head_lead to risk_underwriter" library="07__underWriterPDReviewPage">
<doc>Assigning Risk underwriter by Credit head lead</doc>
<kw name="Set Variable" library="BuiltIn">
<var>${userName}</var>
<arg>${creditHLUser}</arg>
<doc>Returns the given values which can then be assigned to a variables.</doc>
<msg timestamp="20230228 16:12:55.545" level="INFO">${userName} = credit_head_lead</msg>
<status status="PASS" starttime="20230228 16:12:55.543" endtime="20230228 16:12:55.545"/>
</kw>
<kw name="Set Variable" library="BuiltIn">
<var>${password}</var>
<arg>${creditHLPw}</arg>
<doc>Returns the given values which can then be assigned to a variables.</doc>
<msg timestamp="20230228 16:12:55.548" level="INFO">${password} = admin</msg>
<status status="PASS" starttime="20230228 16:12:55.546" endtime="20230228 16:12:55.548"/>
</kw>
<kw name="Set Variable" library="BuiltIn">
<var>${userSelect}</var>
<arg>RISK UNDERWRITER</arg>
<doc>Returns the given values which can then be assigned to a variables.</doc>
<msg timestamp="20230228 16:12:55.550" level="INFO">${userSelect} = RISK UNDERWRITER</msg>
<status status="PASS" starttime="20230228 16:12:55.549" endtime="20230228 16:12:55.551"/>
</kw>
<kw name="Search the case" library="assignmentPage">
<arg>${userName}</arg>
<arg>${password}</arg>
<arg>${userSelect}</arg>
<arg>${caseName}</arg>
<kw name="Open triton in browser" library="loginPage">
<kw name="Open Browser" library="SeleniumLibrary">
<arg>${URL}</arg>
<arg>chrome</arg>
<arg>options=add_experimental_option("detach", True)</arg>
<doc>Opens a new browser instance to the optional ``url``.</doc>
<msg timestamp="20230228 16:12:55.560" level="INFO">Opening browser 'chrome' to base url 'http://10.100.10.41:8282/triton/index.html'.</msg>
<status status="PASS" starttime="20230228 16:12:55.557" endtime="20230228 16:12:59.982"/>
</kw>
<kw name="Maximize Browser Window" library="SeleniumLibrary">
<doc>Maximizes current browser window.</doc>
<status status="PASS" starttime="20230228 16:12:59.984" endtime="20230228 16:13:00.140"/>
</kw>
<status status="PASS" starttime="20230228 16:12:55.556" endtime="20230228 16:13:00.142"/>
</kw>
<kw name="login to Triton" library="loginPage">
<arg>${userName}</arg>
<arg>${password}</arg>
<kw name="Input Text" library="SeleniumLibrary">
<arg>xpath://input[@formcontrolname='email']</arg>
<arg>${userName}</arg>
<doc>Types the given ``text`` into the text field identified by ``locator``.</doc>
<msg timestamp="20230228 16:13:00.151" level="INFO">Typing text 'credit_head_lead' into text field 'xpath://input[@formcontrolname='email']'.</msg>
<status status="PASS" starttime="20230228 16:13:00.148" endtime="20230228 16:13:00.435"/>
</kw>
<kw name="Input Text" library="SeleniumLibrary">
<arg>xpath://input[@formcontrolname='password']</arg>
<arg>${password}</arg>
<doc>Types the given ``text`` into the text field identified by ``locator``.</doc>
<msg timestamp="20230228 16:13:00.442" level="INFO">Typing text 'admin' into text field 'xpath://input[@formcontrolname='password']'.</msg>
<status status="PASS" starttime="20230228 16:13:00.438" endtime="20230228 16:13:00.643"/>
</kw>
<kw name="Sleep" library="BuiltIn">
<arg>2</arg>
<doc>Pauses the test executed for the given time.</doc>
<msg timestamp="20230228 16:13:02.659" level="INFO">Slept 2 seconds</msg>
<status status="PASS" starttime="20230228 16:13:00.644" endtime="20230228 16:13:02.659"/>
</kw>
<kw name="Click Element" library="SeleniumLibrary">
<arg>xpath://span[text()='Login']</arg>
<doc>Click the element identified by ``locator``.</doc>
<msg timestamp="20230228 16:13:02.663" level="INFO">Clicking element 'xpath://span[text()='Login']'.</msg>
<status status="PASS" starttime="20230228 16:13:02.660" endtime="20230228 16:13:02.843"/>
</kw>
<status status="PASS" starttime="20230228 16:13:00.143" endtime="20230228 16:13:02.845"/>
</kw>
<kw name="Wait Until Element Is Visible" library="SeleniumLibrary">
<arg>xpath://span[text()='Assignment']</arg>
<arg>timeout=15s</arg>
<doc>Waits until the element ``locator`` is visible.</doc>
<status status="PASS" starttime="20230228 16:13:02.847" endtime="20230228 16:13:04.605"/>
</kw>
<kw name="Click Element" library="SeleniumLibrary">
<arg>xpath://span[text()='Assignment']</arg>
<doc>Click the element identified by ``locator``.</doc>
<msg timestamp="20230228 16:13:04.611" level="INFO">Clicking element 'xpath://span[text()='Assignment']'.</msg>
<status status="PASS" starttime="20230228 16:13:04.607" endtime="20230228 16:13:04.847"/>
</kw>
<kw name="Run Keyword And Return Status" library="BuiltIn">
<var>${selectionStatus}</var>
<arg>Wait Until Element Is Visible</arg>
<arg>xpath://td[text()='${caseName}']</arg>
<arg>timeout=15s</arg>
<doc>Runs the given keyword with given arguments and returns the status as a Boolean value.</doc>
<kw name="Wait Until Element Is Visible" library="SeleniumLibrary">
<arg>xpath://td[text()='${caseName}']</arg>
<arg>timeout=15s</arg>
<doc>Waits until the element ``locator`` is visible.</doc>
<status status="PASS" starttime="20230228 16:13:04.855" endtime="20230228 16:13:06.624"/>
</kw>
<msg timestamp="20230228 16:13:06.625" level="INFO">${selectionStatus} = True</msg>
<status status="PASS" starttime="20230228 16:13:04.851" endtime="20230228 16:13:06.628"/>
</kw>
<kw name="Run Keyword If" library="BuiltIn">
<arg>'${selectionStatus}' == 'True'</arg>
<arg>Assignment the case</arg>
<arg>${userSelect}</arg>
<arg>${caseName}</arg>
<doc>Runs the given keyword with the given arguments, if ``condition`` is true.</doc>
<kw name="Assignment the case" library="assignmentPage">
<arg>${userSelect}</arg>
<arg>${caseName}</arg>
<kw name="Wait Until Element Is Visible" library="SeleniumLibrary">
<arg>xpath://td[text()='${caseName}']</arg>
<doc>Waits until the element ``locator`` is visible.</doc>
<status status="PASS" starttime="20230228 16:13:06.640" endtime="20230228 16:13:06.708"/>
</kw>
<kw name="Run Keyword And Return Status" library="BuiltIn">
<var>${scrollCase}</var>
<arg>Click Element</arg>
<arg>xpath://td[text()='${caseName}']</arg>
<doc>Runs the given keyword with given arguments and returns the status as a Boolean value.</doc>
<kw name="Click Element" library="SeleniumLibrary">
<arg>xpath://td[text()='${caseName}']</arg>
<doc>Click the element identified by ``locator``.</doc>
<msg timestamp="20230228 16:13:06.717" level="INFO">Clicking element 'xpath://td[text()='Shelby Hinton Ltd']'.</msg>
<msg timestamp="20230228 16:13:08.290" level="INFO" html="true">&lt;/td&gt;&lt;/tr&gt;&lt;tr&gt;&lt;td colspan="3"&gt;&lt;a href="selenium-screenshot-28.png"&gt;&lt;img src="selenium-screenshot-28.png" width="800px"&gt;&lt;/a&gt;</msg>
<msg timestamp="20230228 16:13:08.292" level="FAIL">ElementClickInterceptedException: Message: element click intercepted: Element is not clickable at point (505, 2965)
  (Session info: chrome=110.0.5481.178)
Stacktrace:
Backtrace:
	(No symbol) [0x00B937D3]
	(No symbol) [0x00B28B81]
	(No symbol) [0x00A2B36D]
	(No symbol) [0x00A64E3B]
	(No symbol) [0x00A626DB]
	(No symbol) [0x00A5FD0B]
	(No symbol) [0x00A5E4D8]
	(No symbol) [0x00A53253]
	(No symbol) [0x00A7B41C]
	(No symbol) [0x00A52B96]
	(No symbol) [0x00A7B774]
	(No symbol) [0x00A91215]
	(No symbol) [0x00A7B216]
	(No symbol) [0x00A50D97]
	(No symbol) [0x00A5253D]
	GetHandleVerifier [0x00E0ABF2+2510930]
	GetHandleVerifier [0x00E38EC1+2700065]
	GetHandleVerifier [0x00E3C86C+2714828]
	GetHandleVerifier [0x00C43480+645344]
	(No symbol) [0x00B30FD2]
	(No symbol) [0x00B36C68]
	(No symbol) [0x00B36D4B]
	(No symbol) [0x00B40D6B]
	BaseThreadInitThunk [0x77C400F9+25]
	RtlGetAppContainerNamedObjectPath [0x77E47BBE+286]
	RtlGetAppContainerNamedObjectPath [0x77E47B8E+238]
</msg>
<status status="FAIL" starttime="20230228 16:13:06.713" endtime="20230228 16:13:08.308"/>
</kw>
<msg timestamp="20230228 16:13:08.310" level="INFO">${scrollCase} = False</msg>
<status status="PASS" starttime="20230228 16:13:06.710" endtime="20230228 16:13:08.312"/>
</kw>
<kw name="Run Keyword If" library="BuiltIn">
<arg>'${scrollCase}' == 'False'</arg>
<arg>Execute JavaScript</arg>
<arg>var xpath = "//td[text()='${caseName}']"; var element = document.evaluate(xpath, document, null, XPathResult.FIRST_ORDERED_NODE_TYPE, null).singleNodeValue;element.scrollIntoView(true);</arg>
<doc>Runs the given keyword with the given arguments, if ``condition`` is true.</doc>
<kw name="Execute Javascript" library="SeleniumLibrary">
<arg>var xpath = "//td[text()='${caseName}']"; var element = document.evaluate(xpath, document, null, XPathResult.FIRST_ORDERED_NODE_TYPE, null).singleNodeValue;element.scrollIntoView(true);</arg>
<doc>Executes the given JavaScript code with possible arguments.</doc>
<msg timestamp="20230228 16:13:08.327" level="INFO">Executing JavaScript:
var xpath = "//td[text()='Shelby Hinton Ltd']"; var element = document.evaluate(xpath, document, null, XPathResult.FIRST_ORDERED_NODE_TYPE, null).singleNodeValue;element.scrollIntoView(true);
Without any arguments.</msg>
<status status="PASS" starttime="20230228 16:13:08.323" endtime="20230228 16:13:08.346"/>
</kw>
<status status="PASS" starttime="20230228 16:13:08.317" endtime="20230228 16:13:08.348"/>
</kw>
<kw name="Run Keyword If" library="BuiltIn">
<arg>'${scrollCase}' == 'False'</arg>
<arg>Click Element</arg>
<arg>xpath://td[text()='${caseName}']</arg>
<doc>Runs the given keyword with the given arguments, if ``condition`` is true.</doc>
<kw name="Click Element" library="SeleniumLibrary">
<arg>xpath://td[text()='${caseName}']</arg>
<doc>Click the element identified by ``locator``.</doc>
<msg timestamp="20230228 16:13:08.357" level="INFO">Clicking element 'xpath://td[text()='Shelby Hinton Ltd']'.</msg>
<status status="PASS" starttime="20230228 16:13:08.354" endtime="20230228 16:13:08.509"/>
</kw>
<status status="PASS" starttime="20230228 16:13:08.350" endtime="20230228 16:13:08.510"/>
</kw>
<kw name="Click Element" library="SeleniumLibrary">
<arg>xpath://select[@name='userGrpData']</arg>
<doc>Click the element identified by ``locator``.</doc>
<msg timestamp="20230228 16:13:08.517" level="INFO">Clicking element 'xpath://select[@name='userGrpData']'.</msg>
<status status="PASS" starttime="20230228 16:13:08.511" endtime="20230228 16:13:08.742"/>
</kw>
<kw name="Sleep" library="BuiltIn">
<arg>1</arg>
<doc>Pauses the test executed for the given time.</doc>
<msg timestamp="20230228 16:13:09.755" level="INFO">Slept 1 second</msg>
<status status="PASS" starttime="20230228 16:13:08.743" endtime="20230228 16:13:09.758"/>
</kw>
<kw name="Click Element" library="SeleniumLibrary">
<arg>xpath://option[text()='${userSelect}']</arg>
<doc>Click the element identified by ``locator``.</doc>
<msg timestamp="20230228 16:13:09.767" level="INFO">Clicking element 'xpath://option[text()='RISK UNDERWRITER']'.</msg>
<status status="PASS" starttime="20230228 16:13:09.759" endtime="20230228 16:13:09.884"/>
</kw>
<kw name="Click Element" library="SeleniumLibrary">
<arg>xpath://button[text()='Assign']</arg>
<doc>Click the element identified by ``locator``.</doc>
<msg timestamp="20230228 16:13:09.888" level="INFO">Clicking element 'xpath://button[text()='Assign']'.</msg>
<status status="PASS" starttime="20230228 16:13:09.885" endtime="20230228 16:13:10.063"/>
</kw>
<kw name="Sleep" library="BuiltIn">
<arg>1</arg>
<doc>Pauses the test executed for the given time.</doc>
<msg timestamp="20230228 16:13:11.074" level="INFO">Slept 1 second</msg>
<status status="PASS" starttime="20230228 16:13:10.067" endtime="20230228 16:13:11.076"/>
</kw>
<kw name="Log" library="BuiltIn">
<arg>Case assigned to ${userSelect}</arg>
<doc>Logs the given message with the given level.</doc>
<msg timestamp="20230228 16:13:11.082" level="INFO">Case assigned to RISK UNDERWRITER</msg>
<status status="PASS" starttime="20230228 16:13:11.077" endtime="20230228 16:13:11.085"/>
</kw>
<kw name="Close Browser" library="SeleniumLibrary">
<doc>Closes the current browser.</doc>
<status status="PASS" starttime="20230228 16:13:11.086" endtime="20230228 16:13:13.566"/>
</kw>
<status status="PASS" starttime="20230228 16:13:06.636" endtime="20230228 16:13:13.568"/>
</kw>
<status status="PASS" starttime="20230228 16:13:06.629" endtime="20230228 16:13:13.569"/>
</kw>
<kw name="Run Keyword If" library="BuiltIn">
<arg>'${selectionStatus}' == 'False'</arg>
<arg>loginPage.Logout and close browser</arg>
<doc>Runs the given keyword with the given arguments, if ``condition`` is true.</doc>
<status status="PASS" starttime="20230228 16:13:13.570" endtime="20230228 16:13:13.572"/>
</kw>
<kw name="Run Keyword If" library="BuiltIn">
<arg>'${selectionStatus}' == 'False'</arg>
<arg>Log</arg>
<arg>There is no ${caseName} case</arg>
<doc>Runs the given keyword with the given arguments, if ``condition`` is true.</doc>
<status status="PASS" starttime="20230228 16:13:13.573" endtime="20230228 16:13:13.575"/>
</kw>
<status status="PASS" starttime="20230228 16:12:55.552" endtime="20230228 16:13:13.576"/>
</kw>
<kw name="Set Variable" library="BuiltIn">
<var>${userName}</var>
<arg>${riskUnderwriterUser}</arg>
<doc>Returns the given values which can then be assigned to a variables.</doc>
<msg timestamp="20230228 16:13:13.582" level="INFO">${userName} = risk_underwriter</msg>
<status status="PASS" starttime="20230228 16:13:13.577" endtime="20230228 16:13:13.584"/>
</kw>
<kw name="Set Variable" library="BuiltIn">
<var>${password}</var>
<arg>${riskUnderwriterPw}</arg>
<doc>Returns the given values which can then be assigned to a variables.</doc>
<msg timestamp="20230228 16:13:13.588" level="INFO">${password} = admin</msg>
<status status="PASS" starttime="20230228 16:13:13.585" endtime="20230228 16:13:13.589"/>
</kw>
<kw name="Open triton in browser" library="loginPage">
<kw name="Open Browser" library="SeleniumLibrary">
<arg>${URL}</arg>
<arg>chrome</arg>
<arg>options=add_experimental_option("detach", True)</arg>
<doc>Opens a new browser instance to the optional ``url``.</doc>
<msg timestamp="20230228 16:13:13.599" level="INFO">Opening browser 'chrome' to base url 'http://10.100.10.41:8282/triton/index.html'.</msg>
<status status="PASS" starttime="20230228 16:13:13.592" endtime="20230228 16:13:18.226"/>
</kw>
<kw name="Maximize Browser Window" library="SeleniumLibrary">
<doc>Maximizes current browser window.</doc>
<status status="PASS" starttime="20230228 16:13:18.229" endtime="20230228 16:13:18.391"/>
</kw>
<status status="PASS" starttime="20230228 16:13:13.590" endtime="20230228 16:13:18.392"/>
</kw>
<kw name="login to Triton" library="loginPage">
<arg>${userName}</arg>
<arg>${password}</arg>
<kw name="Input Text" library="SeleniumLibrary">
<arg>xpath://input[@formcontrolname='email']</arg>
<arg>${userName}</arg>
<doc>Types the given ``text`` into the text field identified by ``locator``.</doc>
<msg timestamp="20230228 16:13:18.402" level="INFO">Typing text 'risk_underwriter' into text field 'xpath://input[@formcontrolname='email']'.</msg>
<status status="PASS" starttime="20230228 16:13:18.399" endtime="20230228 16:13:18.639"/>
</kw>
<kw name="Input Text" library="SeleniumLibrary">
<arg>xpath://input[@formcontrolname='password']</arg>
<arg>${password}</arg>
<doc>Types the given ``text`` into the text field identified by ``locator``.</doc>
<msg timestamp="20230228 16:13:18.647" level="INFO">Typing text 'admin' into text field 'xpath://input[@formcontrolname='password']'.</msg>
<status status="PASS" starttime="20230228 16:13:18.641" endtime="20230228 16:13:18.884"/>
</kw>
<kw name="Sleep" library="BuiltIn">
<arg>2</arg>
<doc>Pauses the test executed for the given time.</doc>
<msg timestamp="20230228 16:13:20.889" level="INFO">Slept 2 seconds</msg>
<status status="PASS" starttime="20230228 16:13:18.885" endtime="20230228 16:13:20.894"/>
</kw>
<kw name="Click Element" library="SeleniumLibrary">
<arg>xpath://span[text()='Login']</arg>
<doc>Click the element identified by ``locator``.</doc>
<msg timestamp="20230228 16:13:20.901" level="INFO">Clicking element 'xpath://span[text()='Login']'.</msg>
<status status="PASS" starttime="20230228 16:13:20.898" endtime="20230228 16:13:21.070"/>
</kw>
<status status="PASS" starttime="20230228 16:13:18.395" endtime="20230228 16:13:21.072"/>
</kw>
<status status="PASS" starttime="20230228 16:12:55.541" endtime="20230228 16:13:21.073"/>
</kw>
<kw name="cp_underwriter_pd_review_stage7" library="07__underWriterPDReviewPage">
<doc>Counter party pd review stage</doc>
<kw name="Wait Until Page Contains Element" library="SeleniumLibrary">
<arg>xpath://*[contains(text(),'Counter Party')]</arg>
<arg>timeout=10s</arg>
<doc>Waits until the element ``locator`` appears on the current page.</doc>
<status status="PASS" starttime="20230228 16:13:21.080" endtime="20230228 16:13:22.691"/>
</kw>
<kw name="Set Focus To Element" library="SeleniumLibrary">
<arg>xpath://span[text()='Inbox']</arg>
<doc>Sets the focus to the element identified by ``locator``.</doc>
<status status="PASS" starttime="20230228 16:13:22.693" endtime="20230228 16:13:22.821"/>
</kw>
<kw name="Click Element" library="SeleniumLibrary">
<arg>xpath://span[text()='Inbox']</arg>
<doc>Click the element identified by ``locator``.</doc>
<msg timestamp="20230228 16:13:22.824" level="INFO">Clicking element 'xpath://span[text()='Inbox']'.</msg>
<status status="PASS" starttime="20230228 16:13:22.821" endtime="20230228 16:13:23.070"/>
</kw>
<kw name="Sleep" library="BuiltIn">
<arg>3</arg>
<doc>Pauses the test executed for the given time.</doc>
<msg timestamp="20230228 16:13:26.083" level="INFO">Slept 3 seconds</msg>
<status status="PASS" starttime="20230228 16:13:23.072" endtime="20230228 16:13:26.085"/>
</kw>
<kw name="Run Keyword" library="BuiltIn">
<arg>Select the case in Inbox</arg>
<doc>Executes the given keyword with the given arguments.</doc>
<kw name="Select the case in Inbox" library="common">
<kw name="Run Keyword And Return Status" library="BuiltIn">
<var>${scrollInbox}</var>
<arg>Wait Until Element Is Visible</arg>
<arg>xpath://td[text()='${caseName}']</arg>
<arg>timeout=15s</arg>
<doc>Runs the given keyword with given arguments and returns the status as a Boolean value.</doc>
<kw name="Wait Until Element Is Visible" library="SeleniumLibrary">
<arg>xpath://td[text()='${caseName}']</arg>
<arg>timeout=15s</arg>
<doc>Waits until the element ``locator`` is visible.</doc>
<status status="PASS" starttime="20230228 16:13:26.097" endtime="20230228 16:13:26.170"/>
</kw>
<msg timestamp="20230228 16:13:26.171" level="INFO">${scrollInbox} = True</msg>
<status status="PASS" starttime="20230228 16:13:26.093" endtime="20230228 16:13:26.175"/>
</kw>
<kw name="Run Keyword If" library="BuiltIn">
<arg>'${scrollInbox}' == 'True'</arg>
<arg>Execute JavaScript</arg>
<arg>var xpath = "//td[text()='${caseName}']"; var element = document.evaluate(xpath, document, null, XPathResult.FIRST_ORDERED_NODE_TYPE, null).singleNodeValue;element.scrollIntoView(true);</arg>
<doc>Runs the given keyword with the given arguments, if ``condition`` is true.</doc>
<kw name="Execute Javascript" library="SeleniumLibrary">
<arg>var xpath = "//td[text()='${caseName}']"; var element = document.evaluate(xpath, document, null, XPathResult.FIRST_ORDERED_NODE_TYPE, null).singleNodeValue;element.scrollIntoView(true);</arg>
<doc>Executes the given JavaScript code with possible arguments.</doc>
<msg timestamp="20230228 16:13:26.185" level="INFO">Executing JavaScript:
var xpath = "//td[text()='Shelby Hinton Ltd']"; var element = document.evaluate(xpath, document, null, XPathResult.FIRST_ORDERED_NODE_TYPE, null).singleNodeValue;element.scrollIntoView(true);
Without any arguments.</msg>
<status status="PASS" starttime="20230228 16:13:26.183" endtime="20230228 16:13:26.209"/>
</kw>
<status status="PASS" starttime="20230228 16:13:26.177" endtime="20230228 16:13:26.210"/>
</kw>
<kw name="Sleep" library="BuiltIn">
<arg>1</arg>
<doc>Pauses the test executed for the given time.</doc>
<msg timestamp="20230228 16:13:27.218" level="INFO">Slept 1 second</msg>
<status status="PASS" starttime="20230228 16:13:26.212" endtime="20230228 16:13:27.220"/>
</kw>
<kw name="Run Keyword If" library="BuiltIn">
<arg>'${scrollInbox}' == 'True'</arg>
<arg>Click Element</arg>
<arg>xpath://td[text()='${caseName}']</arg>
<doc>Runs the given keyword with the given arguments, if ``condition`` is true.</doc>
<kw name="Click Element" library="SeleniumLibrary">
<arg>xpath://td[text()='${caseName}']</arg>
<doc>Click the element identified by ``locator``.</doc>
<msg timestamp="20230228 16:13:27.233" level="INFO">Clicking element 'xpath://td[text()='Shelby Hinton Ltd']'.</msg>
<status status="PASS" starttime="20230228 16:13:27.230" endtime="20230228 16:13:27.367"/>
</kw>
<status status="PASS" starttime="20230228 16:13:27.223" endtime="20230228 16:13:27.368"/>
</kw>
<status status="PASS" starttime="20230228 16:13:26.088" endtime="20230228 16:13:27.369"/>
</kw>
<status status="PASS" starttime="20230228 16:13:26.086" endtime="20230228 16:13:27.369"/>
</kw>
<kw name="Sleep" library="BuiltIn">
<arg>1</arg>
<doc>Pauses the test executed for the given time.</doc>
<msg timestamp="20230228 16:13:28.378" level="INFO">Slept 1 second</msg>
<status status="PASS" starttime="20230228 16:13:27.370" endtime="20230228 16:13:28.380"/>
</kw>
<kw name="Wait Until Page Contains" library="SeleniumLibrary">
<arg>Counter Party Details:</arg>
<doc>Waits until ``text`` appears on the current page.</doc>
<status status="PASS" starttime="20230228 16:13:28.381" endtime="20230228 16:13:29.798"/>
</kw>
<kw name="Execute Javascript" library="SeleniumLibrary">
<arg>window.scrollTo(0,document.body.scrollBottom)</arg>
<doc>Executes the given JavaScript code with possible arguments.</doc>
<msg timestamp="20230228 16:13:29.802" level="INFO">Executing JavaScript:
window.scrollTo(0,document.body.scrollBottom)
Without any arguments.</msg>
<status status="PASS" starttime="20230228 16:13:29.800" endtime="20230228 16:13:30.569"/>
</kw>
<kw name="Set Focus To Element" library="SeleniumLibrary">
<arg>xpath:(//button[text()='Next'])[4]</arg>
<doc>Sets the focus to the element identified by ``locator``.</doc>
<status status="PASS" starttime="20230228 16:13:30.573" endtime="20230228 16:13:30.681"/>
</kw>
<kw name="Wait Until Element Is Visible" library="SeleniumLibrary">
<arg>xpath:(//button[text()='Next'])[4]</arg>
<arg>timeout=30s</arg>
<doc>Waits until the element ``locator`` is visible.</doc>
<status status="PASS" starttime="20230228 16:13:30.683" endtime="20230228 16:13:30.764"/>
</kw>
<kw name="Sleep" library="BuiltIn">
<arg>1</arg>
<doc>Pauses the test executed for the given time.</doc>
<msg timestamp="20230228 16:13:31.775" level="INFO">Slept 1 second</msg>
<status status="PASS" starttime="20230228 16:13:30.765" endtime="20230228 16:13:31.778"/>
</kw>
<kw name="Set Focus To Element" library="SeleniumLibrary">
<arg>xpath://p[text()='Copyright © 2023,Vivriti']</arg>
<doc>Sets the focus to the element identified by ``locator``.</doc>
<status status="PASS" starttime="20230228 16:13:31.779" endtime="20230228 16:13:31.833"/>
</kw>
<kw name="Execute Javascript" library="SeleniumLibrary">
<arg>window.scrollTo(0,document.body.scrollHeight)</arg>
<doc>Executes the given JavaScript code with possible arguments.</doc>
<msg timestamp="20230228 16:13:31.839" level="INFO">Executing JavaScript:
window.scrollTo(0,document.body.scrollHeight)
Without any arguments.</msg>
<status status="PASS" starttime="20230228 16:13:31.835" endtime="20230228 16:13:31.861"/>
</kw>
<kw name="Sleep" library="BuiltIn">
<arg>1</arg>
<doc>Pauses the test executed for the given time.</doc>
<msg timestamp="20230228 16:13:32.876" level="INFO">Slept 1 second</msg>
<status status="PASS" starttime="20230228 16:13:31.862" endtime="20230228 16:13:32.879"/>
</kw>
<kw name="Click Element" library="SeleniumLibrary">
<arg>xpath:(//button[text()='Next'])[4]</arg>
<doc>Click the element identified by ``locator``.</doc>
<msg timestamp="20230228 16:13:32.884" level="INFO">Clicking element 'xpath:(//button[text()='Next'])[4]'.</msg>
<status status="PASS" starttime="20230228 16:13:32.881" endtime="20230228 16:13:33.084"/>
</kw>
<kw name="Sleep" library="BuiltIn">
<arg>1</arg>
<doc>Pauses the test executed for the given time.</doc>
<msg timestamp="20230228 16:13:34.098" level="INFO">Slept 1 second</msg>
<status status="PASS" starttime="20230228 16:13:33.085" endtime="20230228 16:13:34.100"/>
</kw>
<kw name="Execute Javascript" library="SeleniumLibrary">
<arg>window.scrollTo(0,100)</arg>
<doc>Executes the given JavaScript code with possible arguments.</doc>
<msg timestamp="20230228 16:13:34.106" level="INFO">Executing JavaScript:
window.scrollTo(0,100)
Without any arguments.</msg>
<status status="PASS" starttime="20230228 16:13:34.101" endtime="20230228 16:13:34.131"/>
</kw>
<kw name="Input Text" library="SeleniumLibrary">
<arg>xpath://*[@class='form-control']</arg>
<arg>12/10/2022</arg>
<doc>Types the given ``text`` into the text field identified by ``locator``.</doc>
<msg timestamp="20230228 16:13:34.136" level="INFO">Typing text '12/10/2022' into text field 'xpath://*[@class='form-control']'.</msg>
<status status="PASS" starttime="20230228 16:13:34.133" endtime="20230228 16:13:34.784"/>
</kw>
<kw name="Input Text" library="SeleniumLibrary">
<arg>xpath://label[text()='Market Information']/following::input</arg>
<arg>${value}</arg>
<doc>Types the given ``text`` into the text field identified by ``locator``.</doc>
<msg timestamp="20230228 16:13:34.793" level="INFO">Typing text 'fill' into text field 'xpath://label[text()='Market Information']/following::input'.</msg>
<status status="PASS" starttime="20230228 16:13:34.786" endtime="20230228 16:13:35.080"/>
</kw>
<kw name="Input Text" library="SeleniumLibrary">
<arg>xpath://label[text()='Promoter Backround']/following::input</arg>
<arg>${value}</arg>
<doc>Types the given ``text`` into the text field identified by ``locator``.</doc>
<msg timestamp="20230228 16:13:35.083" level="INFO">Typing text 'fill' into text field 'xpath://label[text()='Promoter Backround']/following::input'.</msg>
<status status="PASS" starttime="20230228 16:13:35.081" endtime="20230228 16:13:35.395"/>
</kw>
<kw name="Input Text" library="SeleniumLibrary">
<arg>xpath://label[text()='Name of the Person']/following::input</arg>
<arg>${value}</arg>
<doc>Types the given ``text`` into the text field identified by ``locator``.</doc>
<msg timestamp="20230228 16:13:35.399" level="INFO">Typing text 'fill' into text field 'xpath://label[text()='Name of the Person']/following::input'.</msg>
<status status="PASS" starttime="20230228 16:13:35.397" endtime="20230228 16:13:35.699"/>
</kw>
<kw name="Input Text" library="SeleniumLibrary">
<arg>xpath://label[text()='VCPL Attendees']/following::input</arg>
<arg>${value}</arg>
<doc>Types the given ``text`` into the text field identified by ``locator``.</doc>
<msg timestamp="20230228 16:13:35.703" level="INFO">Typing text 'fill' into text field 'xpath://label[text()='VCPL Attendees']/following::input'.</msg>
<status status="PASS" starttime="20230228 16:13:35.700" endtime="20230228 16:13:36.034"/>
</kw>
<kw name="Input Text" library="SeleniumLibrary">
<arg>xpath://label[text()='Address Of Premises Visited']/following::input</arg>
<arg>${value}</arg>
<doc>Types the given ``text`` into the text field identified by ``locator``.</doc>
<msg timestamp="20230228 16:13:36.042" level="INFO">Typing text 'fill' into text field 'xpath://label[text()='Address Of Premises Visited']/following::input'.</msg>
<status status="PASS" starttime="20230228 16:13:36.037" endtime="20230228 16:13:36.368"/>
</kw>
<kw name="Input Text" library="SeleniumLibrary">
<arg>xpath://label[text()='Observation On Facility']/following::input</arg>
<arg>${value}</arg>
<doc>Types the given ``text`` into the text field identified by ``locator``.</doc>
<msg timestamp="20230228 16:13:36.376" level="INFO">Typing text 'fill' into text field 'xpath://label[text()='Observation On Facility']/following::input'.</msg>
<status status="PASS" starttime="20230228 16:13:36.372" endtime="20230228 16:13:36.759"/>
</kw>
<kw name="Input Text" library="SeleniumLibrary">
<arg>xpath://label[text()='Business Model']/following::input</arg>
<arg>${value}</arg>
<doc>Types the given ``text`` into the text field identified by ``locator``.</doc>
<msg timestamp="20230228 16:13:36.764" level="INFO">Typing text 'fill' into text field 'xpath://label[text()='Business Model']/following::input'.</msg>
<status status="PASS" starttime="20230228 16:13:36.761" endtime="20230228 16:13:37.131"/>
</kw>
<kw name="Input Text" library="SeleniumLibrary">
<arg>xpath://label[text()='Stock Observation']/following::input</arg>
<arg>${value}</arg>
<doc>Types the given ``text`` into the text field identified by ``locator``.</doc>
<msg timestamp="20230228 16:13:37.138" level="INFO">Typing text 'fill' into text field 'xpath://label[text()='Stock Observation']/following::input'.</msg>
<status status="PASS" starttime="20230228 16:13:37.132" endtime="20230228 16:13:37.433"/>
</kw>
<kw name="Input Text" library="SeleniumLibrary">
<arg>xpath://label[text()='Business Plans']/following::input</arg>
<arg>${value}</arg>
<doc>Types the given ``text`` into the text field identified by ``locator``.</doc>
<msg timestamp="20230228 16:13:37.441" level="INFO">Typing text 'fill' into text field 'xpath://label[text()='Business Plans']/following::input'.</msg>
<status status="PASS" starttime="20230228 16:13:37.435" endtime="20230228 16:13:37.804"/>
</kw>
<kw name="Input Text" library="SeleniumLibrary">
<arg>xpath://label[text()='Market Feedbacks']/following::input</arg>
<arg>${value}</arg>
<doc>Types the given ``text`` into the text field identified by ``locator``.</doc>
<msg timestamp="20230228 16:13:37.810" level="INFO">Typing text 'fill' into text field 'xpath://label[text()='Market Feedbacks']/following::input'.</msg>
<status status="PASS" starttime="20230228 16:13:37.806" endtime="20230228 16:13:38.114"/>
</kw>
<kw name="Execute Javascript" library="SeleniumLibrary">
<arg>window.scrollTo(0,document.body.scrollHeight)</arg>
<doc>Executes the given JavaScript code with possible arguments.</doc>
<msg timestamp="20230228 16:13:38.120" level="INFO">Executing JavaScript:
window.scrollTo(0,document.body.scrollHeight)
Without any arguments.</msg>
<status status="PASS" starttime="20230228 16:13:38.115" endtime="20230228 16:13:38.132"/>
</kw>
<kw name="Set Focus To Element" library="SeleniumLibrary">
<arg>xpath://*[text()='Save']</arg>
<doc>Sets the focus to the element identified by ``locator``.</doc>
<status status="PASS" starttime="20230228 16:13:38.135" endtime="20230228 16:13:38.210"/>
</kw>
<kw name="Wait Until Element Is Visible" library="SeleniumLibrary">
<arg>xpath://*[text()='Save']</arg>
<arg>timeout=10s</arg>
<doc>Waits until the element ``locator`` is visible.</doc>
<status status="PASS" starttime="20230228 16:13:38.213" endtime="20230228 16:13:38.282"/>
</kw>
<kw name="Sleep" library="BuiltIn">
<arg>2</arg>
<doc>Pauses the test executed for the given time.</doc>
<msg timestamp="20230228 16:13:40.296" level="INFO">Slept 2 seconds</msg>
<status status="PASS" starttime="20230228 16:13:38.284" endtime="20230228 16:13:40.299"/>
</kw>
<kw name="Set Focus To Element" library="SeleniumLibrary">
<arg>xpath://p[text()='Copyright © 2023,Vivriti']</arg>
<doc>Sets the focus to the element identified by ``locator``.</doc>
<status status="PASS" starttime="20230228 16:13:40.303" endtime="20230228 16:13:40.372"/>
</kw>
<kw name="Execute Javascript" library="SeleniumLibrary">
<arg>window.scrollTo(0,document.body.scrollHeight)</arg>
<doc>Executes the given JavaScript code with possible arguments.</doc>
<msg timestamp="20230228 16:13:40.379" level="INFO">Executing JavaScript:
window.scrollTo(0,document.body.scrollHeight)
Without any arguments.</msg>
<status status="PASS" starttime="20230228 16:13:40.373" endtime="20230228 16:13:40.409"/>
</kw>
<kw name="Sleep" library="BuiltIn">
<arg>1</arg>
<doc>Pauses the test executed for the given time.</doc>
<msg timestamp="20230228 16:13:41.427" level="INFO">Slept 1 second</msg>
<status status="PASS" starttime="20230228 16:13:40.411" endtime="20230228 16:13:41.431"/>
</kw>
<kw name="Click Element" library="SeleniumLibrary">
<arg>xpath://*[text()='Save']</arg>
<doc>Click the element identified by ``locator``.</doc>
<msg timestamp="20230228 16:13:41.439" level="INFO">Clicking element 'xpath://*[text()='Save']'.</msg>
<status status="PASS" starttime="20230228 16:13:41.433" endtime="20230228 16:13:41.639"/>
</kw>
<kw name="Wait Until Page Contains" library="SeleniumLibrary">
<arg>Successfully Saved</arg>
<doc>Waits until ``text`` appears on the current page.</doc>
<status status="PASS" starttime="20230228 16:13:41.640" endtime="20230228 16:13:41.949"/>
</kw>
<kw name="Set Focus To Element" library="SeleniumLibrary">
<arg>xpath://button[text()='Submit']</arg>
<doc>Sets the focus to the element identified by ``locator``.</doc>
<status status="PASS" starttime="20230228 16:13:41.952" endtime="20230228 16:13:42.013"/>
</kw>
<kw name="Click Button" library="SeleniumLibrary">
<arg>xpath://button[text()='Submit']</arg>
<doc>Clicks the button identified by ``locator``.</doc>
<msg timestamp="20230228 16:13:42.022" level="INFO">Clicking button 'xpath://button[text()='Submit']'.</msg>
<status status="PASS" starttime="20230228 16:13:42.015" endtime="20230228 16:13:42.349"/>
</kw>
<kw name="Input Text" library="SeleniumLibrary">
<arg>xpath:/html/body/div[2]/div/textarea</arg>
<arg>low UPP1234567890!@#$%^&amp;*()_-+=[]\[]\{}|;'':"&lt;&gt;?,./`~\|"</arg>
<doc>Types the given ``text`` into the text field identified by ``locator``.</doc>
<msg timestamp="20230228 16:13:42.356" level="INFO">Typing text 'low UPP1234567890!@#$%^&amp;*()_-+=[][]{}|;'':"&lt;&gt;?,./`~|"' into text field 'xpath:/html/body/div[2]/div/textarea'.</msg>
<status status="PASS" starttime="20230228 16:13:42.353" endtime="20230228 16:13:43.834"/>
</kw>
<kw name="Set Focus To Element" library="SeleniumLibrary">
<arg>xpath:(//button[text()='Submit'])[3]</arg>
<doc>Sets the focus to the element identified by ``locator``.</doc>
<status status="PASS" starttime="20230228 16:13:43.837" endtime="20230228 16:13:43.893"/>
</kw>
<kw name="Click Element" library="SeleniumLibrary">
<arg>xpath:(//button[text()='Submit'])[3]</arg>
<doc>Click the element identified by ``locator``.</doc>
<msg timestamp="20230228 16:13:43.898" level="INFO">Clicking element 'xpath:(//button[text()='Submit'])[3]'.</msg>
<status status="PASS" starttime="20230228 16:13:43.894" endtime="20230228 16:13:44.174"/>
</kw>
<kw name="Log" library="BuiltIn">
<arg>Counter party PD review stage completed</arg>
<doc>Logs the given message with the given level.</doc>
<msg timestamp="20230228 16:13:44.177" level="INFO">Counter party PD review stage completed</msg>
<status status="PASS" starttime="20230228 16:13:44.175" endtime="20230228 16:13:44.179"/>
</kw>
<kw name="Close Window" library="SeleniumLibrary">
<doc>Closes currently opened and selected browser window/tab.</doc>
<status status="PASS" starttime="20230228 16:13:44.180" endtime="20230228 16:13:44.404"/>
</kw>
<status status="PASS" starttime="20230228 16:13:21.075" endtime="20230228 16:13:44.406"/>
</kw>
<kw name="Assign to credit_head or risk_head" library="08__commercialCreditApprovePage">
<doc>Based on amount assigning risk or credit head</doc>
<kw name="Evaluate" library="BuiltIn">
<var>${result}</var>
<arg>${proposed_amt}&gt; 40000000</arg>
<doc>Evaluates the given expression in Python and returns the result.</doc>
<msg timestamp="20230228 16:13:44.409" level="INFO">${result} = False</msg>
<status status="PASS" starttime="20230228 16:13:44.408" endtime="20230228 16:13:44.410"/>
</kw>
<kw name="Run Keyword If" library="BuiltIn">
<arg>${result}</arg>
<arg>From creditHeadLead assign to credit head</arg>
<arg>ELSE</arg>
<arg>From creditHeadLead assign to Risk head</arg>
<doc>Runs the given keyword with the given arguments, if ``condition`` is true.</doc>
<kw name="From creditHeadLead assign to Risk head" library="08__commercialCreditApprovePage">
<doc>Counter party eighth stage assign to risk head</doc>
<kw name="Set Selenium Speed" library="SeleniumLibrary">
<arg>0.2s</arg>
<doc>Sets the delay that is waited after each Selenium command.</doc>
<status status="PASS" starttime="20230228 16:13:44.414" endtime="20230228 16:13:44.414"/>
</kw>
<kw name="Set Variable" library="BuiltIn">
<var>${userName}</var>
<arg>${creditHLUser}</arg>
<doc>Returns the given values which can then be assigned to a variables.</doc>
<msg timestamp="20230228 16:13:44.418" level="INFO">${userName} = credit_head_lead</msg>
<status status="PASS" starttime="20230228 16:13:44.415" endtime="20230228 16:13:44.420"/>
</kw>
<kw name="Set Variable" library="BuiltIn">
<var>${password}</var>
<arg>${creditHLPw}</arg>
<doc>Returns the given values which can then be assigned to a variables.</doc>
<msg timestamp="20230228 16:13:44.426" level="INFO">${password} = admin</msg>
<status status="PASS" starttime="20230228 16:13:44.423" endtime="20230228 16:13:44.426"/>
</kw>
<kw name="Set Variable" library="BuiltIn">
<var>${userSelect}</var>
<arg>RISK HEAD</arg>
<doc>Returns the given values which can then be assigned to a variables.</doc>
<msg timestamp="20230228 16:13:44.427" level="INFO">${userSelect} = RISK HEAD</msg>
<status status="PASS" starttime="20230228 16:13:44.427" endtime="20230228 16:13:44.429"/>
</kw>
<kw name="Search the case" library="assignmentPage">
<arg>${userName}</arg>
<arg>${password}</arg>
<arg>${userSelect}</arg>
<arg>${caseName}</arg>
<kw name="Open triton in browser" library="loginPage">
<kw name="Open Browser" library="SeleniumLibrary">
<arg>${URL}</arg>
<arg>chrome</arg>
<arg>options=add_experimental_option("detach", True)</arg>
<doc>Opens a new browser instance to the optional ``url``.</doc>
<msg timestamp="20230228 16:13:44.441" level="INFO">Opening browser 'chrome' to base url 'http://10.100.10.41:8282/triton/index.html'.</msg>
<status status="PASS" starttime="20230228 16:13:44.438" endtime="20230228 16:13:49.104"/>
</kw>
<kw name="Maximize Browser Window" library="SeleniumLibrary">
<doc>Maximizes current browser window.</doc>
<status status="PASS" starttime="20230228 16:13:49.106" endtime="20230228 16:13:49.460"/>
</kw>
<status status="PASS" starttime="20230228 16:13:44.434" endtime="20230228 16:13:49.461"/>
</kw>
<kw name="login to Triton" library="loginPage">
<arg>${userName}</arg>
<arg>${password}</arg>
<kw name="Input Text" library="SeleniumLibrary">
<arg>xpath://input[@formcontrolname='email']</arg>
<arg>${userName}</arg>
<doc>Types the given ``text`` into the text field identified by ``locator``.</doc>
<msg timestamp="20230228 16:13:49.470" level="INFO">Typing text 'credit_head_lead' into text field 'xpath://input[@formcontrolname='email']'.</msg>
<status status="PASS" starttime="20230228 16:13:49.468" endtime="20230228 16:13:50.406"/>
</kw>
<kw name="Input Text" library="SeleniumLibrary">
<arg>xpath://input[@formcontrolname='password']</arg>
<arg>${password}</arg>
<doc>Types the given ``text`` into the text field identified by ``locator``.</doc>
<msg timestamp="20230228 16:13:50.409" level="INFO">Typing text 'admin' into text field 'xpath://input[@formcontrolname='password']'.</msg>
<status status="PASS" starttime="20230228 16:13:50.406" endtime="20230228 16:13:51.309"/>
</kw>
<kw name="Sleep" library="BuiltIn">
<arg>2</arg>
<doc>Pauses the test executed for the given time.</doc>
<msg timestamp="20230228 16:13:53.321" level="INFO">Slept 2 seconds</msg>
<status status="PASS" starttime="20230228 16:13:51.310" endtime="20230228 16:13:53.322"/>
</kw>
<kw name="Click Element" library="SeleniumLibrary">
<arg>xpath://span[text()='Login']</arg>
<doc>Click the element identified by ``locator``.</doc>
<msg timestamp="20230228 16:13:53.326" level="INFO">Clicking element 'xpath://span[text()='Login']'.</msg>
<status status="PASS" starttime="20230228 16:13:53.323" endtime="20230228 16:13:53.899"/>
</kw>
<status status="PASS" starttime="20230228 16:13:49.462" endtime="20230228 16:13:53.900"/>
</kw>
<kw name="Wait Until Element Is Visible" library="SeleniumLibrary">
<arg>xpath://span[text()='Assignment']</arg>
<arg>timeout=15s</arg>
<doc>Waits until the element ``locator`` is visible.</doc>
<status status="PASS" starttime="20230228 16:13:53.901" endtime="20230228 16:13:55.516"/>
</kw>
<kw name="Click Element" library="SeleniumLibrary">
<arg>xpath://span[text()='Assignment']</arg>
<doc>Click the element identified by ``locator``.</doc>
<msg timestamp="20230228 16:13:55.519" level="INFO">Clicking element 'xpath://span[text()='Assignment']'.</msg>
<status status="PASS" starttime="20230228 16:13:55.517" endtime="20230228 16:13:56.088"/>
</kw>
<kw name="Run Keyword And Return Status" library="BuiltIn">
<var>${selectionStatus}</var>
<arg>Wait Until Element Is Visible</arg>
<arg>xpath://td[text()='${caseName}']</arg>
<arg>timeout=15s</arg>
<doc>Runs the given keyword with given arguments and returns the status as a Boolean value.</doc>
<kw name="Wait Until Element Is Visible" library="SeleniumLibrary">
<arg>xpath://td[text()='${caseName}']</arg>
<arg>timeout=15s</arg>
<doc>Waits until the element ``locator`` is visible.</doc>
<status status="PASS" starttime="20230228 16:13:56.090" endtime="20230228 16:13:57.499"/>
</kw>
<msg timestamp="20230228 16:13:57.499" level="INFO">${selectionStatus} = True</msg>
<status status="PASS" starttime="20230228 16:13:56.089" endtime="20230228 16:13:57.500"/>
</kw>
<kw name="Run Keyword If" library="BuiltIn">
<arg>'${selectionStatus}' == 'True'</arg>
<arg>Assignment the case</arg>
<arg>${userSelect}</arg>
<arg>${caseName}</arg>
<doc>Runs the given keyword with the given arguments, if ``condition`` is true.</doc>
<kw name="Assignment the case" library="assignmentPage">
<arg>${userSelect}</arg>
<arg>${caseName}</arg>
<kw name="Wait Until Element Is Visible" library="SeleniumLibrary">
<arg>xpath://td[text()='${caseName}']</arg>
<doc>Waits until the element ``locator`` is visible.</doc>
<status status="PASS" starttime="20230228 16:13:57.504" endtime="20230228 16:13:57.963"/>
</kw>
<kw name="Run Keyword And Return Status" library="BuiltIn">
<var>${scrollCase}</var>
<arg>Click Element</arg>
<arg>xpath://td[text()='${caseName}']</arg>
<doc>Runs the given keyword with given arguments and returns the status as a Boolean value.</doc>
<kw name="Click Element" library="SeleniumLibrary">
<arg>xpath://td[text()='${caseName}']</arg>
<doc>Click the element identified by ``locator``.</doc>
<msg timestamp="20230228 16:13:57.968" level="INFO">Clicking element 'xpath://td[text()='Shelby Hinton Ltd']'.</msg>
<msg timestamp="20230228 16:13:59.958" level="INFO" html="true">&lt;/td&gt;&lt;/tr&gt;&lt;tr&gt;&lt;td colspan="3"&gt;&lt;a href="selenium-screenshot-29.png"&gt;&lt;img src="selenium-screenshot-29.png" width="800px"&gt;&lt;/a&gt;</msg>
<msg timestamp="20230228 16:13:59.964" level="FAIL">ElementClickInterceptedException: Message: element click intercepted: Element is not clickable at point (505, 2911)
  (Session info: chrome=110.0.5481.178)
Stacktrace:
Backtrace:
	(No symbol) [0x00B937D3]
	(No symbol) [0x00B28B81]
	(No symbol) [0x00A2B36D]
	(No symbol) [0x00A64E3B]
	(No symbol) [0x00A626DB]
	(No symbol) [0x00A5FD0B]
	(No symbol) [0x00A5E4D8]
	(No symbol) [0x00A53253]
	(No symbol) [0x00A7B41C]
	(No symbol) [0x00A52B96]
	(No symbol) [0x00A7B774]
	(No symbol) [0x00A91215]
	(No symbol) [0x00A7B216]
	(No symbol) [0x00A50D97]
	(No symbol) [0x00A5253D]
	GetHandleVerifier [0x00E0ABF2+2510930]
	GetHandleVerifier [0x00E38EC1+2700065]
	GetHandleVerifier [0x00E3C86C+2714828]
	GetHandleVerifier [0x00C43480+645344]
	(No symbol) [0x00B30FD2]
	(No symbol) [0x00B36C68]
	(No symbol) [0x00B36D4B]
	(No symbol) [0x00B40D6B]
	BaseThreadInitThunk [0x77C400F9+25]
	RtlGetAppContainerNamedObjectPath [0x77E47BBE+286]
	RtlGetAppContainerNamedObjectPath [0x77E47B8E+238]
</msg>
<status status="FAIL" starttime="20230228 16:13:57.967" endtime="20230228 16:13:59.972"/>
</kw>
<msg timestamp="20230228 16:13:59.973" level="INFO">${scrollCase} = False</msg>
<status status="PASS" starttime="20230228 16:13:57.965" endtime="20230228 16:13:59.981"/>
</kw>
<kw name="Run Keyword If" library="BuiltIn">
<arg>'${scrollCase}' == 'False'</arg>
<arg>Execute JavaScript</arg>
<arg>var xpath = "//td[text()='${caseName}']"; var element = document.evaluate(xpath, document, null, XPathResult.FIRST_ORDERED_NODE_TYPE, null).singleNodeValue;element.scrollIntoView(true);</arg>
<doc>Runs the given keyword with the given arguments, if ``condition`` is true.</doc>
<kw name="Execute Javascript" library="SeleniumLibrary">
<arg>var xpath = "//td[text()='${caseName}']"; var element = document.evaluate(xpath, document, null, XPathResult.FIRST_ORDERED_NODE_TYPE, null).singleNodeValue;element.scrollIntoView(true);</arg>
<doc>Executes the given JavaScript code with possible arguments.</doc>
<msg timestamp="20230228 16:13:59.991" level="INFO">Executing JavaScript:
var xpath = "//td[text()='Shelby Hinton Ltd']"; var element = document.evaluate(xpath, document, null, XPathResult.FIRST_ORDERED_NODE_TYPE, null).singleNodeValue;element.scrollIntoView(true);
Without any arguments.</msg>
<status status="PASS" starttime="20230228 16:13:59.987" endtime="20230228 16:14:00.229"/>
</kw>
<status status="PASS" starttime="20230228 16:13:59.982" endtime="20230228 16:14:00.230"/>
</kw>
<kw name="Run Keyword If" library="BuiltIn">
<arg>'${scrollCase}' == 'False'</arg>
<arg>Click Element</arg>
<arg>xpath://td[text()='${caseName}']</arg>
<doc>Runs the given keyword with the given arguments, if ``condition`` is true.</doc>
<kw name="Click Element" library="SeleniumLibrary">
<arg>xpath://td[text()='${caseName}']</arg>
<doc>Click the element identified by ``locator``.</doc>
<msg timestamp="20230228 16:14:00.240" level="INFO">Clicking element 'xpath://td[text()='Shelby Hinton Ltd']'.</msg>
<status status="PASS" starttime="20230228 16:14:00.237" endtime="20230228 16:14:00.788"/>
</kw>
<status status="PASS" starttime="20230228 16:14:00.232" endtime="20230228 16:14:00.789"/>
</kw>
<kw name="Click Element" library="SeleniumLibrary">
<arg>xpath://select[@name='userGrpData']</arg>
<doc>Click the element identified by ``locator``.</doc>
<msg timestamp="20230228 16:14:00.798" level="INFO">Clicking element 'xpath://select[@name='userGrpData']'.</msg>
<status status="PASS" starttime="20230228 16:14:00.791" endtime="20230228 16:14:01.378"/>
</kw>
<kw name="Sleep" library="BuiltIn">
<arg>1</arg>
<doc>Pauses the test executed for the given time.</doc>
<msg timestamp="20230228 16:14:02.385" level="INFO">Slept 1 second</msg>
<status status="PASS" starttime="20230228 16:14:01.380" endtime="20230228 16:14:02.387"/>
</kw>
<kw name="Click Element" library="SeleniumLibrary">
<arg>xpath://option[text()='${userSelect}']</arg>
<doc>Click the element identified by ``locator``.</doc>
<msg timestamp="20230228 16:14:02.400" level="INFO">Clicking element 'xpath://option[text()='RISK HEAD']'.</msg>
<status status="PASS" starttime="20230228 16:14:02.391" endtime="20230228 16:14:02.930"/>
</kw>
<kw name="Click Element" library="SeleniumLibrary">
<arg>xpath://button[text()='Assign']</arg>
<doc>Click the element identified by ``locator``.</doc>
<msg timestamp="20230228 16:14:02.935" level="INFO">Clicking element 'xpath://button[text()='Assign']'.</msg>
<status status="PASS" starttime="20230228 16:14:02.932" endtime="20230228 16:14:03.537"/>
</kw>
<kw name="Sleep" library="BuiltIn">
<arg>1</arg>
<doc>Pauses the test executed for the given time.</doc>
<msg timestamp="20230228 16:14:04.551" level="INFO">Slept 1 second</msg>
<status status="PASS" starttime="20230228 16:14:03.538" endtime="20230228 16:14:04.554"/>
</kw>
<kw name="Log" library="BuiltIn">
<arg>Case assigned to ${userSelect}</arg>
<doc>Logs the given message with the given level.</doc>
<msg timestamp="20230228 16:14:04.561" level="INFO">Case assigned to RISK HEAD</msg>
<status status="PASS" starttime="20230228 16:14:04.555" endtime="20230228 16:14:04.564"/>
</kw>
<kw name="Close Browser" library="SeleniumLibrary">
<doc>Closes the current browser.</doc>
<status status="PASS" starttime="20230228 16:14:04.565" endtime="20230228 16:14:07.043"/>
</kw>
<status status="PASS" starttime="20230228 16:13:57.502" endtime="20230228 16:14:07.044"/>
</kw>
<status status="PASS" starttime="20230228 16:13:57.500" endtime="20230228 16:14:07.044"/>
</kw>
<kw name="Run Keyword If" library="BuiltIn">
<arg>'${selectionStatus}' == 'False'</arg>
<arg>loginPage.Logout and close browser</arg>
<doc>Runs the given keyword with the given arguments, if ``condition`` is true.</doc>
<status status="PASS" starttime="20230228 16:14:07.045" endtime="20230228 16:14:07.047"/>
</kw>
<kw name="Run Keyword If" library="BuiltIn">
<arg>'${selectionStatus}' == 'False'</arg>
<arg>Log</arg>
<arg>There is no ${caseName} case</arg>
<doc>Runs the given keyword with the given arguments, if ``condition`` is true.</doc>
<status status="PASS" starttime="20230228 16:14:07.048" endtime="20230228 16:14:07.049"/>
</kw>
<status status="PASS" starttime="20230228 16:13:44.431" endtime="20230228 16:14:07.050"/>
</kw>
<kw name="Set Variable" library="BuiltIn">
<var>${userName}</var>
<arg>${riskHeadUser}</arg>
<doc>Returns the given values which can then be assigned to a variables.</doc>
<msg timestamp="20230228 16:14:07.052" level="INFO">${userName} = Risk head</msg>
<status status="PASS" starttime="20230228 16:14:07.051" endtime="20230228 16:14:07.052"/>
</kw>
<kw name="Set Variable" library="BuiltIn">
<var>${password}</var>
<arg>${riskHeadPw}</arg>
<doc>Returns the given values which can then be assigned to a variables.</doc>
<msg timestamp="20230228 16:14:07.056" level="INFO">${password} = admin</msg>
<status status="PASS" starttime="20230228 16:14:07.053" endtime="20230228 16:14:07.059"/>
</kw>
<kw name="Open triton in browser" library="loginPage">
<kw name="Open Browser" library="SeleniumLibrary">
<arg>${URL}</arg>
<arg>chrome</arg>
<arg>options=add_experimental_option("detach", True)</arg>
<doc>Opens a new browser instance to the optional ``url``.</doc>
<msg timestamp="20230228 16:14:07.068" level="INFO">Opening browser 'chrome' to base url 'http://10.100.10.41:8282/triton/index.html'.</msg>
<status status="PASS" starttime="20230228 16:14:07.064" endtime="20230228 16:14:11.977"/>
</kw>
<kw name="Maximize Browser Window" library="SeleniumLibrary">
<doc>Maximizes current browser window.</doc>
<status status="PASS" starttime="20230228 16:14:11.979" endtime="20230228 16:14:12.319"/>
</kw>
<status status="PASS" starttime="20230228 16:14:07.060" endtime="20230228 16:14:12.325"/>
</kw>
<kw name="login to Triton" library="loginPage">
<arg>${userName}</arg>
<arg>${password}</arg>
<kw name="Input Text" library="SeleniumLibrary">
<arg>xpath://input[@formcontrolname='email']</arg>
<arg>${userName}</arg>
<doc>Types the given ``text`` into the text field identified by ``locator``.</doc>
<msg timestamp="20230228 16:14:12.333" level="INFO">Typing text 'Risk head' into text field 'xpath://input[@formcontrolname='email']'.</msg>
<status status="PASS" starttime="20230228 16:14:12.330" endtime="20230228 16:14:13.283"/>
</kw>
<kw name="Input Text" library="SeleniumLibrary">
<arg>xpath://input[@formcontrolname='password']</arg>
<arg>${password}</arg>
<doc>Types the given ``text`` into the text field identified by ``locator``.</doc>
<msg timestamp="20230228 16:14:13.289" level="INFO">Typing text 'admin' into text field 'xpath://input[@formcontrolname='password']'.</msg>
<status status="PASS" starttime="20230228 16:14:13.284" endtime="20230228 16:14:14.217"/>
</kw>
<kw name="Sleep" library="BuiltIn">
<arg>2</arg>
<doc>Pauses the test executed for the given time.</doc>
<msg timestamp="20230228 16:14:16.224" level="INFO">Slept 2 seconds</msg>
<status status="PASS" starttime="20230228 16:14:14.219" endtime="20230228 16:14:16.226"/>
</kw>
<kw name="Click Element" library="SeleniumLibrary">
<arg>xpath://span[text()='Login']</arg>
<doc>Click the element identified by ``locator``.</doc>
<msg timestamp="20230228 16:14:16.232" level="INFO">Clicking element 'xpath://span[text()='Login']'.</msg>
<status status="PASS" starttime="20230228 16:14:16.228" endtime="20230228 16:14:16.752"/>
</kw>
<status status="PASS" starttime="20230228 16:14:12.327" endtime="20230228 16:14:16.755"/>
</kw>
<status status="PASS" starttime="20230228 16:13:44.413" endtime="20230228 16:14:16.757"/>
</kw>
<status status="PASS" starttime="20230228 16:13:44.411" endtime="20230228 16:14:16.758"/>
</kw>
<status status="PASS" starttime="20230228 16:13:44.407" endtime="20230228 16:14:16.759"/>
</kw>
<kw name="CommercialCreditApproval" library="08__commercialCreditApprovePage">
<doc>CC approval</doc>
<kw name="Wait Until Element Is Visible" library="SeleniumLibrary">
<arg>xpath://span[text()='Inbox']</arg>
<arg>timeout=15s</arg>
<doc>Waits until the element ``locator`` is visible.</doc>
<status status="PASS" starttime="20230228 16:14:16.763" endtime="20230228 16:14:18.554"/>
</kw>
<kw name="Set Focus To Element" library="SeleniumLibrary">
<arg>xpath://span[text()='Inbox']</arg>
<doc>Sets the focus to the element identified by ``locator``.</doc>
<status status="PASS" starttime="20230228 16:14:18.557" endtime="20230228 16:14:19.004"/>
</kw>
<kw name="Click Element" library="SeleniumLibrary">
<arg>xpath://span[text()='Inbox']</arg>
<doc>Click the element identified by ``locator``.</doc>
<msg timestamp="20230228 16:14:19.010" level="INFO">Clicking element 'xpath://span[text()='Inbox']'.</msg>
<status status="PASS" starttime="20230228 16:14:19.006" endtime="20230228 16:14:19.559"/>
</kw>
<kw name="Sleep" library="BuiltIn">
<arg>2</arg>
<doc>Pauses the test executed for the given time.</doc>
<msg timestamp="20230228 16:14:21.576" level="INFO">Slept 2 seconds</msg>
<status status="PASS" starttime="20230228 16:14:19.560" endtime="20230228 16:14:21.577"/>
</kw>
<kw name="Run Keyword" library="BuiltIn">
<arg>Select the case in Inbox</arg>
<doc>Executes the given keyword with the given arguments.</doc>
<kw name="Select the case in Inbox" library="common">
<kw name="Run Keyword And Return Status" library="BuiltIn">
<var>${scrollInbox}</var>
<arg>Wait Until Element Is Visible</arg>
<arg>xpath://td[text()='${caseName}']</arg>
<arg>timeout=15s</arg>
<doc>Runs the given keyword with given arguments and returns the status as a Boolean value.</doc>
<kw name="Wait Until Element Is Visible" library="SeleniumLibrary">
<arg>xpath://td[text()='${caseName}']</arg>
<arg>timeout=15s</arg>
<doc>Waits until the element ``locator`` is visible.</doc>
<status status="PASS" starttime="20230228 16:14:21.587" endtime="20230228 16:14:22.942"/>
</kw>
<msg timestamp="20230228 16:14:22.943" level="INFO">${scrollInbox} = True</msg>
<status status="PASS" starttime="20230228 16:14:21.581" endtime="20230228 16:14:22.944"/>
</kw>
<kw name="Run Keyword If" library="BuiltIn">
<arg>'${scrollInbox}' == 'True'</arg>
<arg>Execute JavaScript</arg>
<arg>var xpath = "//td[text()='${caseName}']"; var element = document.evaluate(xpath, document, null, XPathResult.FIRST_ORDERED_NODE_TYPE, null).singleNodeValue;element.scrollIntoView(true);</arg>
<doc>Runs the given keyword with the given arguments, if ``condition`` is true.</doc>
<kw name="Execute Javascript" library="SeleniumLibrary">
<arg>var xpath = "//td[text()='${caseName}']"; var element = document.evaluate(xpath, document, null, XPathResult.FIRST_ORDERED_NODE_TYPE, null).singleNodeValue;element.scrollIntoView(true);</arg>
<doc>Executes the given JavaScript code with possible arguments.</doc>
<msg timestamp="20230228 16:14:22.958" level="INFO">Executing JavaScript:
var xpath = "//td[text()='Shelby Hinton Ltd']"; var element = document.evaluate(xpath, document, null, XPathResult.FIRST_ORDERED_NODE_TYPE, null).singleNodeValue;element.scrollIntoView(true);
Without any arguments.</msg>
<status status="PASS" starttime="20230228 16:14:22.954" endtime="20230228 16:14:23.189"/>
</kw>
<status status="PASS" starttime="20230228 16:14:22.946" endtime="20230228 16:14:23.191"/>
</kw>
<kw name="Sleep" library="BuiltIn">
<arg>1</arg>
<doc>Pauses the test executed for the given time.</doc>
<msg timestamp="20230228 16:14:24.204" level="INFO">Slept 1 second</msg>
<status status="PASS" starttime="20230228 16:14:23.192" endtime="20230228 16:14:24.206"/>
</kw>
<kw name="Run Keyword If" library="BuiltIn">
<arg>'${scrollInbox}' == 'True'</arg>
<arg>Click Element</arg>
<arg>xpath://td[text()='${caseName}']</arg>
<doc>Runs the given keyword with the given arguments, if ``condition`` is true.</doc>
<kw name="Click Element" library="SeleniumLibrary">
<arg>xpath://td[text()='${caseName}']</arg>
<doc>Click the element identified by ``locator``.</doc>
<msg timestamp="20230228 16:14:24.213" level="INFO">Clicking element 'xpath://td[text()='Shelby Hinton Ltd']'.</msg>
<status status="PASS" starttime="20230228 16:14:24.210" endtime="20230228 16:14:24.795"/>
</kw>
<status status="PASS" starttime="20230228 16:14:24.208" endtime="20230228 16:14:24.796"/>
</kw>
<status status="PASS" starttime="20230228 16:14:21.580" endtime="20230228 16:14:24.799"/>
</kw>
<status status="PASS" starttime="20230228 16:14:21.578" endtime="20230228 16:14:24.801"/>
</kw>
<kw name="Wait Until Element Is Visible" library="SeleniumLibrary">
<arg>xpath:(//button[text()='Next'])[5]</arg>
<arg>timeout=10s</arg>
<doc>Waits until the element ``locator`` is visible.</doc>
<status status="PASS" starttime="20230228 16:14:24.804" endtime="20230228 16:14:28.685"/>
</kw>
<kw name="Set Focus To Element" library="SeleniumLibrary">
<arg>xpath:(//button[text()='Next'])[5]</arg>
<doc>Sets the focus to the element identified by ``locator``.</doc>
<status status="PASS" starttime="20230228 16:14:28.686" endtime="20230228 16:14:29.127"/>
</kw>
<kw name="Sleep" library="BuiltIn">
<arg>2</arg>
<doc>Pauses the test executed for the given time.</doc>
<msg timestamp="20230228 16:14:31.140" level="INFO">Slept 2 seconds</msg>
<status status="PASS" starttime="20230228 16:14:29.128" endtime="20230228 16:14:31.143"/>
</kw>
<kw name="Click Element" library="SeleniumLibrary">
<arg>xpath:(//button[text()='Next'])[5]</arg>
<doc>Click the element identified by ``locator``.</doc>
<msg timestamp="20230228 16:14:31.150" level="INFO">Clicking element 'xpath:(//button[text()='Next'])[5]'.</msg>
<status status="PASS" starttime="20230228 16:14:31.144" endtime="20230228 16:14:31.792"/>
</kw>
<kw name="Wait Until Element Is Visible" library="SeleniumLibrary">
<arg>xpath:(//button[text()='Next'])[5]</arg>
<arg>timeout=10s</arg>
<doc>Waits until the element ``locator`` is visible.</doc>
<status status="PASS" starttime="20230228 16:14:31.793" endtime="20230228 16:14:32.275"/>
</kw>
<kw name="Set Focus To Element" library="SeleniumLibrary">
<arg>xpath:(//button[text()='Next'])[5]</arg>
<doc>Sets the focus to the element identified by ``locator``.</doc>
<status status="PASS" starttime="20230228 16:14:32.277" endtime="20230228 16:14:32.740"/>
</kw>
<kw name="Click Element" library="SeleniumLibrary">
<arg>xpath:(//button[text()='Next'])[5]</arg>
<doc>Click the element identified by ``locator``.</doc>
<msg timestamp="20230228 16:14:32.743" level="INFO">Clicking element 'xpath:(//button[text()='Next'])[5]'.</msg>
<status status="PASS" starttime="20230228 16:14:32.741" endtime="20230228 16:14:33.332"/>
</kw>
<kw name="Click Element" library="SeleniumLibrary">
<arg>xpath:(//button[text()='Submit'])[1]</arg>
<doc>Click the element identified by ``locator``.</doc>
<msg timestamp="20230228 16:14:33.338" level="INFO">Clicking element 'xpath:(//button[text()='Submit'])[1]'.</msg>
<status status="PASS" starttime="20230228 16:14:33.334" endtime="20230228 16:14:34.087"/>
</kw>
<kw name="Input Text" library="SeleniumLibrary">
<arg>xpath://textarea[@class='swal2-textarea']</arg>
<arg>Approved</arg>
<doc>Types the given ``text`` into the text field identified by ``locator``.</doc>
<msg timestamp="20230228 16:14:34.089" level="INFO">Typing text 'Approved' into text field 'xpath://textarea[@class='swal2-textarea']'.</msg>
<status status="PASS" starttime="20230228 16:14:34.088" endtime="20230228 16:14:35.127"/>
</kw>
<kw name="Wait Until Element Is Visible" library="SeleniumLibrary">
<arg>xpath:(//button[text()='Submit'])[3]</arg>
<arg>timeout=10s</arg>
<doc>Waits until the element ``locator`` is visible.</doc>
<status status="PASS" starttime="20230228 16:14:35.131" endtime="20230228 16:14:35.623"/>
</kw>
<kw name="Click Element" library="SeleniumLibrary">
<arg>xpath:(//button[text()='Submit'])[3]</arg>
<doc>Click the element identified by ``locator``.</doc>
<msg timestamp="20230228 16:14:35.628" level="INFO">Clicking element 'xpath:(//button[text()='Submit'])[3]'.</msg>
<status status="PASS" starttime="20230228 16:14:35.624" endtime="20230228 16:14:36.303"/>
</kw>
<kw name="Close Window" library="SeleniumLibrary">
<doc>Closes currently opened and selected browser window/tab.</doc>
<status status="PASS" starttime="20230228 16:14:36.305" endtime="20230228 16:14:36.673"/>
</kw>
<status status="PASS" starttime="20230228 16:14:16.761" endtime="20230228 16:14:36.673"/>
</kw>
<kw name="From Business lead assign to business" library="09__RMCustomerAcceptancePage">
<doc>Counter party ninth stage CC_remarks</doc>
<kw name="Set Selenium Speed" library="SeleniumLibrary">
<arg>0.2s</arg>
<doc>Sets the delay that is waited after each Selenium command.</doc>
<status status="PASS" starttime="20230228 16:14:36.677" endtime="20230228 16:14:36.680"/>
</kw>
<kw name="Set Variable" library="BuiltIn">
<var>${userName}</var>
<arg>${businessLeadUser}</arg>
<doc>Returns the given values which can then be assigned to a variables.</doc>
<msg timestamp="20230228 16:14:36.684" level="INFO">${userName} = business_lead</msg>
<status status="PASS" starttime="20230228 16:14:36.682" endtime="20230228 16:14:36.685"/>
</kw>
<kw name="Set Variable" library="BuiltIn">
<var>${password}</var>
<arg>${businessLeadPw}</arg>
<doc>Returns the given values which can then be assigned to a variables.</doc>
<msg timestamp="20230228 16:14:36.687" level="INFO">${password} = admin</msg>
<status status="PASS" starttime="20230228 16:14:36.685" endtime="20230228 16:14:36.687"/>
</kw>
<kw name="Set Variable" library="BuiltIn">
<var>${userSelect}</var>
<arg>Business Business</arg>
<doc>Returns the given values which can then be assigned to a variables.</doc>
<msg timestamp="20230228 16:14:36.690" level="INFO">${userSelect} = Business Business</msg>
<status status="PASS" starttime="20230228 16:14:36.688" endtime="20230228 16:14:36.697"/>
</kw>
<kw name="Search the case" library="assignmentPage">
<arg>${userName}</arg>
<arg>${password}</arg>
<arg>${userSelect}</arg>
<arg>${caseName}</arg>
<kw name="Open triton in browser" library="loginPage">
<kw name="Open Browser" library="SeleniumLibrary">
<arg>${URL}</arg>
<arg>chrome</arg>
<arg>options=add_experimental_option("detach", True)</arg>
<doc>Opens a new browser instance to the optional ``url``.</doc>
<msg timestamp="20230228 16:14:36.706" level="INFO">Opening browser 'chrome' to base url 'http://10.100.10.41:8282/triton/index.html'.</msg>
<status status="PASS" starttime="20230228 16:14:36.704" endtime="20230228 16:14:41.461"/>
</kw>
<kw name="Maximize Browser Window" library="SeleniumLibrary">
<doc>Maximizes current browser window.</doc>
<status status="PASS" starttime="20230228 16:14:41.462" endtime="20230228 16:14:41.816"/>
</kw>
<status status="PASS" starttime="20230228 16:14:36.702" endtime="20230228 16:14:41.817"/>
</kw>
<kw name="login to Triton" library="loginPage">
<arg>${userName}</arg>
<arg>${password}</arg>
<kw name="Input Text" library="SeleniumLibrary">
<arg>xpath://input[@formcontrolname='email']</arg>
<arg>${userName}</arg>
<doc>Types the given ``text`` into the text field identified by ``locator``.</doc>
<msg timestamp="20230228 16:14:41.828" level="INFO">Typing text 'business_lead' into text field 'xpath://input[@formcontrolname='email']'.</msg>
<status status="PASS" starttime="20230228 16:14:41.822" endtime="20230228 16:14:42.763"/>
</kw>
<kw name="Input Text" library="SeleniumLibrary">
<arg>xpath://input[@formcontrolname='password']</arg>
<arg>${password}</arg>
<doc>Types the given ``text`` into the text field identified by ``locator``.</doc>
<msg timestamp="20230228 16:14:42.767" level="INFO">Typing text 'admin' into text field 'xpath://input[@formcontrolname='password']'.</msg>
<status status="PASS" starttime="20230228 16:14:42.765" endtime="20230228 16:14:43.696"/>
</kw>
<kw name="Sleep" library="BuiltIn">
<arg>2</arg>
<doc>Pauses the test executed for the given time.</doc>
<msg timestamp="20230228 16:14:45.702" level="INFO">Slept 2 seconds</msg>
<status status="PASS" starttime="20230228 16:14:43.697" endtime="20230228 16:14:45.703"/>
</kw>
<kw name="Click Element" library="SeleniumLibrary">
<arg>xpath://span[text()='Login']</arg>
<doc>Click the element identified by ``locator``.</doc>
<msg timestamp="20230228 16:14:45.705" level="INFO">Clicking element 'xpath://span[text()='Login']'.</msg>
<status status="PASS" starttime="20230228 16:14:45.703" endtime="20230228 16:14:46.227"/>
</kw>
<status status="PASS" starttime="20230228 16:14:41.818" endtime="20230228 16:14:46.228"/>
</kw>
<kw name="Wait Until Element Is Visible" library="SeleniumLibrary">
<arg>xpath://span[text()='Assignment']</arg>
<arg>timeout=15s</arg>
<doc>Waits until the element ``locator`` is visible.</doc>
<status status="PASS" starttime="20230228 16:14:46.230" endtime="20230228 16:14:47.859"/>
</kw>
<kw name="Click Element" library="SeleniumLibrary">
<arg>xpath://span[text()='Assignment']</arg>
<doc>Click the element identified by ``locator``.</doc>
<msg timestamp="20230228 16:14:47.863" level="INFO">Clicking element 'xpath://span[text()='Assignment']'.</msg>
<status status="PASS" starttime="20230228 16:14:47.860" endtime="20230228 16:14:48.447"/>
</kw>
<kw name="Run Keyword And Return Status" library="BuiltIn">
<var>${selectionStatus}</var>
<arg>Wait Until Element Is Visible</arg>
<arg>xpath://td[text()='${caseName}']</arg>
<arg>timeout=15s</arg>
<doc>Runs the given keyword with given arguments and returns the status as a Boolean value.</doc>
<kw name="Wait Until Element Is Visible" library="SeleniumLibrary">
<arg>xpath://td[text()='${caseName}']</arg>
<arg>timeout=15s</arg>
<doc>Waits until the element ``locator`` is visible.</doc>
<status status="PASS" starttime="20230228 16:14:48.449" endtime="20230228 16:14:49.565"/>
</kw>
<msg timestamp="20230228 16:14:49.566" level="INFO">${selectionStatus} = True</msg>
<status status="PASS" starttime="20230228 16:14:48.449" endtime="20230228 16:14:49.567"/>
</kw>
<kw name="Run Keyword If" library="BuiltIn">
<arg>'${selectionStatus}' == 'True'</arg>
<arg>Assignment the case</arg>
<arg>${userSelect}</arg>
<arg>${caseName}</arg>
<doc>Runs the given keyword with the given arguments, if ``condition`` is true.</doc>
<kw name="Assignment the case" library="assignmentPage">
<arg>${userSelect}</arg>
<arg>${caseName}</arg>
<kw name="Wait Until Element Is Visible" library="SeleniumLibrary">
<arg>xpath://td[text()='${caseName}']</arg>
<doc>Waits until the element ``locator`` is visible.</doc>
<status status="PASS" starttime="20230228 16:14:49.576" endtime="20230228 16:14:50.047"/>
</kw>
<kw name="Run Keyword And Return Status" library="BuiltIn">
<var>${scrollCase}</var>
<arg>Click Element</arg>
<arg>xpath://td[text()='${caseName}']</arg>
<doc>Runs the given keyword with given arguments and returns the status as a Boolean value.</doc>
<kw name="Click Element" library="SeleniumLibrary">
<arg>xpath://td[text()='${caseName}']</arg>
<doc>Click the element identified by ``locator``.</doc>
<msg timestamp="20230228 16:14:50.051" level="INFO">Clicking element 'xpath://td[text()='Shelby Hinton Ltd']'.</msg>
<status status="PASS" starttime="20230228 16:14:50.049" endtime="20230228 16:14:50.650"/>
</kw>
<msg timestamp="20230228 16:14:50.651" level="INFO">${scrollCase} = True</msg>
<status status="PASS" starttime="20230228 16:14:50.048" endtime="20230228 16:14:50.651"/>
</kw>
<kw name="Run Keyword If" library="BuiltIn">
<arg>'${scrollCase}' == 'False'</arg>
<arg>Execute JavaScript</arg>
<arg>var xpath = "//td[text()='${caseName}']"; var element = document.evaluate(xpath, document, null, XPathResult.FIRST_ORDERED_NODE_TYPE, null).singleNodeValue;element.scrollIntoView(true);</arg>
<doc>Runs the given keyword with the given arguments, if ``condition`` is true.</doc>
<status status="PASS" starttime="20230228 16:14:50.652" endtime="20230228 16:14:50.657"/>
</kw>
<kw name="Run Keyword If" library="BuiltIn">
<arg>'${scrollCase}' == 'False'</arg>
<arg>Click Element</arg>
<arg>xpath://td[text()='${caseName}']</arg>
<doc>Runs the given keyword with the given arguments, if ``condition`` is true.</doc>
<status status="PASS" starttime="20230228 16:14:50.658" endtime="20230228 16:14:50.661"/>
</kw>
<kw name="Click Element" library="SeleniumLibrary">
<arg>xpath://select[@name='userGrpData']</arg>
<doc>Click the element identified by ``locator``.</doc>
<msg timestamp="20230228 16:14:50.668" level="INFO">Clicking element 'xpath://select[@name='userGrpData']'.</msg>
<status status="PASS" starttime="20230228 16:14:50.663" endtime="20230228 16:14:51.257"/>
</kw>
<kw name="Sleep" library="BuiltIn">
<arg>1</arg>
<doc>Pauses the test executed for the given time.</doc>
<msg timestamp="20230228 16:14:52.268" level="INFO">Slept 1 second</msg>
<status status="PASS" starttime="20230228 16:14:51.260" endtime="20230228 16:14:52.275"/>
</kw>
<kw name="Click Element" library="SeleniumLibrary">
<arg>xpath://option[text()='${userSelect}']</arg>
<doc>Click the element identified by ``locator``.</doc>
<msg timestamp="20230228 16:14:52.282" level="INFO">Clicking element 'xpath://option[text()='Business Business']'.</msg>
<status status="PASS" starttime="20230228 16:14:52.278" endtime="20230228 16:14:52.797"/>
</kw>
<kw name="Click Element" library="SeleniumLibrary">
<arg>xpath://button[text()='Assign']</arg>
<doc>Click the element identified by ``locator``.</doc>
<msg timestamp="20230228 16:14:52.800" level="INFO">Clicking element 'xpath://button[text()='Assign']'.</msg>
<status status="PASS" starttime="20230228 16:14:52.798" endtime="20230228 16:14:53.401"/>
</kw>
<kw name="Sleep" library="BuiltIn">
<arg>1</arg>
<doc>Pauses the test executed for the given time.</doc>
<msg timestamp="20230228 16:14:54.416" level="INFO">Slept 1 second</msg>
<status status="PASS" starttime="20230228 16:14:53.403" endtime="20230228 16:14:54.420"/>
</kw>
<kw name="Log" library="BuiltIn">
<arg>Case assigned to ${userSelect}</arg>
<doc>Logs the given message with the given level.</doc>
<msg timestamp="20230228 16:14:54.425" level="INFO">Case assigned to Business Business</msg>
<status status="PASS" starttime="20230228 16:14:54.423" endtime="20230228 16:14:54.429"/>
</kw>
<kw name="Close Browser" library="SeleniumLibrary">
<doc>Closes the current browser.</doc>
<status status="PASS" starttime="20230228 16:14:54.430" endtime="20230228 16:14:56.865"/>
</kw>
<status status="PASS" starttime="20230228 16:14:49.570" endtime="20230228 16:14:56.866"/>
</kw>
<status status="PASS" starttime="20230228 16:14:49.568" endtime="20230228 16:14:56.866"/>
</kw>
<kw name="Run Keyword If" library="BuiltIn">
<arg>'${selectionStatus}' == 'False'</arg>
<arg>loginPage.Logout and close browser</arg>
<doc>Runs the given keyword with the given arguments, if ``condition`` is true.</doc>
<status status="PASS" starttime="20230228 16:14:56.869" endtime="20230228 16:14:56.872"/>
</kw>
<kw name="Run Keyword If" library="BuiltIn">
<arg>'${selectionStatus}' == 'False'</arg>
<arg>Log</arg>
<arg>There is no ${caseName} case</arg>
<doc>Runs the given keyword with the given arguments, if ``condition`` is true.</doc>
<status status="PASS" starttime="20230228 16:14:56.873" endtime="20230228 16:14:56.875"/>
</kw>
<status status="PASS" starttime="20230228 16:14:36.699" endtime="20230228 16:14:56.876"/>
</kw>
<kw name="Set Variable" library="BuiltIn">
<var>${userName}</var>
<arg>${businessUser}</arg>
<doc>Returns the given values which can then be assigned to a variables.</doc>
<msg timestamp="20230228 16:14:56.878" level="INFO">${userName} = business</msg>
<status status="PASS" starttime="20230228 16:14:56.877" endtime="20230228 16:14:56.880"/>
</kw>
<kw name="Set Variable" library="BuiltIn">
<var>${password}</var>
<arg>${businessPw}</arg>
<doc>Returns the given values which can then be assigned to a variables.</doc>
<msg timestamp="20230228 16:14:56.885" level="INFO">${password} = admin</msg>
<status status="PASS" starttime="20230228 16:14:56.881" endtime="20230228 16:14:56.888"/>
</kw>
<kw name="Open triton in browser" library="loginPage">
<kw name="Open Browser" library="SeleniumLibrary">
<arg>${URL}</arg>
<arg>chrome</arg>
<arg>options=add_experimental_option("detach", True)</arg>
<doc>Opens a new browser instance to the optional ``url``.</doc>
<msg timestamp="20230228 16:14:56.897" level="INFO">Opening browser 'chrome' to base url 'http://10.100.10.41:8282/triton/index.html'.</msg>
<status status="PASS" starttime="20230228 16:14:56.893" endtime="20230228 16:15:01.875"/>
</kw>
<kw name="Maximize Browser Window" library="SeleniumLibrary">
<doc>Maximizes current browser window.</doc>
<status status="PASS" starttime="20230228 16:15:01.877" endtime="20230228 16:15:02.235"/>
</kw>
<status status="PASS" starttime="20230228 16:14:56.890" endtime="20230228 16:15:02.237"/>
</kw>
<kw name="login to Triton" library="loginPage">
<arg>${userName}</arg>
<arg>${password}</arg>
<kw name="Input Text" library="SeleniumLibrary">
<arg>xpath://input[@formcontrolname='email']</arg>
<arg>${userName}</arg>
<doc>Types the given ``text`` into the text field identified by ``locator``.</doc>
<msg timestamp="20230228 16:15:02.244" level="INFO">Typing text 'business' into text field 'xpath://input[@formcontrolname='email']'.</msg>
<status status="PASS" starttime="20230228 16:15:02.242" endtime="20230228 16:15:03.183"/>
</kw>
<kw name="Input Text" library="SeleniumLibrary">
<arg>xpath://input[@formcontrolname='password']</arg>
<arg>${password}</arg>
<doc>Types the given ``text`` into the text field identified by ``locator``.</doc>
<msg timestamp="20230228 16:15:03.191" level="INFO">Typing text 'admin' into text field 'xpath://input[@formcontrolname='password']'.</msg>
<status status="PASS" starttime="20230228 16:15:03.187" endtime="20230228 16:15:04.110"/>
</kw>
<kw name="Sleep" library="BuiltIn">
<arg>2</arg>
<doc>Pauses the test executed for the given time.</doc>
<msg timestamp="20230228 16:15:06.126" level="INFO">Slept 2 seconds</msg>
<status status="PASS" starttime="20230228 16:15:04.112" endtime="20230228 16:15:06.128"/>
</kw>
<kw name="Click Element" library="SeleniumLibrary">
<arg>xpath://span[text()='Login']</arg>
<doc>Click the element identified by ``locator``.</doc>
<msg timestamp="20230228 16:15:06.134" level="INFO">Clicking element 'xpath://span[text()='Login']'.</msg>
<status status="PASS" starttime="20230228 16:15:06.130" endtime="20230228 16:15:06.656"/>
</kw>
<status status="PASS" starttime="20230228 16:15:02.239" endtime="20230228 16:15:06.657"/>
</kw>
<status status="PASS" starttime="20230228 16:14:36.674" endtime="20230228 16:15:06.658"/>
</kw>
<kw name="CommercialCC_Remarks" library="09__RMCustomerAcceptancePage">
<doc>Commercial CC_remarks and submit</doc>
<kw name="Wait Until Element Is Visible" library="SeleniumLibrary">
<arg>xpath://span[text()='Assignment']</arg>
<arg>timeout=15s</arg>
<doc>Waits until the element ``locator`` is visible.</doc>
<status status="PASS" starttime="20230228 16:15:06.660" endtime="20230228 16:15:08.402"/>
</kw>
<kw name="Click Element" library="SeleniumLibrary">
<arg>xpath://span[text()='Inbox']</arg>
<doc>Click the element identified by ``locator``.</doc>
<msg timestamp="20230228 16:15:08.407" level="INFO">Clicking element 'xpath://span[text()='Inbox']'.</msg>
<status status="PASS" starttime="20230228 16:15:08.404" endtime="20230228 16:15:09.083"/>
</kw>
<kw name="Run Keyword" library="BuiltIn">
<arg>Select the case in Inbox</arg>
<doc>Executes the given keyword with the given arguments.</doc>
<kw name="Select the case in Inbox" library="common">
<kw name="Run Keyword And Return Status" library="BuiltIn">
<var>${scrollInbox}</var>
<arg>Wait Until Element Is Visible</arg>
<arg>xpath://td[text()='${caseName}']</arg>
<arg>timeout=15s</arg>
<doc>Runs the given keyword with given arguments and returns the status as a Boolean value.</doc>
<kw name="Wait Until Element Is Visible" library="SeleniumLibrary">
<arg>xpath://td[text()='${caseName}']</arg>
<arg>timeout=15s</arg>
<doc>Waits until the element ``locator`` is visible.</doc>
<status status="PASS" starttime="20230228 16:15:09.090" endtime="20230228 16:15:12.040"/>
</kw>
<msg timestamp="20230228 16:15:12.041" level="INFO">${scrollInbox} = True</msg>
<status status="PASS" starttime="20230228 16:15:09.088" endtime="20230228 16:15:12.043"/>
</kw>
<kw name="Run Keyword If" library="BuiltIn">
<arg>'${scrollInbox}' == 'True'</arg>
<arg>Execute JavaScript</arg>
<arg>var xpath = "//td[text()='${caseName}']"; var element = document.evaluate(xpath, document, null, XPathResult.FIRST_ORDERED_NODE_TYPE, null).singleNodeValue;element.scrollIntoView(true);</arg>
[...]
<status status="PASS" starttime="20230228 16:17:20.729" endtime="20230228 16:17:22.471"/>
</kw>
<kw name="Run Keyword If" library="BuiltIn">
<arg>'${scrollCase}' == 'False'</arg>
<arg>Execute JavaScript</arg>
<arg>var xpath = "//td[text()='${caseName}']"; var element = document.evaluate(xpath, document, null, XPathResult.FIRST_ORDERED_NODE_TYPE, null).singleNodeValue;element.scrollIntoView(true);</arg>
<doc>Runs the given keyword with the given arguments, if ``condition`` is true.</doc>
<kw name="Execute Javascript" library="SeleniumLibrary">
<arg>var xpath = "//td[text()='${caseName}']"; var element = document.evaluate(xpath, document, null, XPathResult.FIRST_ORDERED_NODE_TYPE, null).singleNodeValue;element.scrollIntoView(true);</arg>
<doc>Executes the given JavaScript code with possible arguments.</doc>
<msg timestamp="20230228 16:17:22.481" level="INFO">Executing JavaScript:
var xpath = "//td[text()='Shelby Hinton Ltd']"; var element = document.evaluate(xpath, document, null, XPathResult.FIRST_ORDERED_NODE_TYPE, null).singleNodeValue;element.scrollIntoView(true);
Without any arguments.</msg>
<status status="PASS" starttime="20230228 16:17:22.478" endtime="20230228 16:17:22.703"/>
</kw>
<status status="PASS" starttime="20230228 16:17:22.473" endtime="20230228 16:17:22.704"/>
</kw>
<kw name="Run Keyword If" library="BuiltIn">
<arg>'${scrollCase}' == 'False'</arg>
<arg>Click Element</arg>
<arg>xpath://td[text()='${caseName}']</arg>
<doc>Runs the given keyword with the given arguments, if ``condition`` is true.</doc>
<kw name="Click Element" library="SeleniumLibrary">
<arg>xpath://td[text()='${caseName}']</arg>
<doc>Click the element identified by ``locator``.</doc>
<msg timestamp="20230228 16:17:22.707" level="INFO">Clicking element 'xpath://td[text()='Shelby Hinton Ltd']'.</msg>
<status status="PASS" starttime="20230228 16:17:22.706" endtime="20230228 16:17:23.244"/>
</kw>
<status status="PASS" starttime="20230228 16:17:22.704" endtime="20230228 16:17:23.245"/>
</kw>
<kw name="Click Element" library="SeleniumLibrary">
<arg>xpath://select[@name='userGrpData']</arg>
<doc>Click the element identified by ``locator``.</doc>
<msg timestamp="20230228 16:17:23.250" level="INFO">Clicking element 'xpath://select[@name='userGrpData']'.</msg>
<status status="PASS" starttime="20230228 16:17:23.247" endtime="20230228 16:17:23.864"/>
</kw>
<kw name="Sleep" library="BuiltIn">
<arg>1</arg>
<doc>Pauses the test executed for the given time.</doc>
<msg timestamp="20230228 16:17:24.880" level="INFO">Slept 1 second</msg>
<status status="PASS" starttime="20230228 16:17:23.864" endtime="20230228 16:17:24.882"/>
</kw>
<kw name="Click Element" library="SeleniumLibrary">
<arg>xpath://option[text()='${userSelect}']</arg>
<doc>Click the element identified by ``locator``.</doc>
<msg timestamp="20230228 16:17:24.887" level="INFO">Clicking element 'xpath://option[text()='OPERATION CHECKER']'.</msg>
<status status="PASS" starttime="20230228 16:17:24.884" endtime="20230228 16:17:25.408"/>
</kw>
<kw name="Click Element" library="SeleniumLibrary">
<arg>xpath://button[text()='Assign']</arg>
<doc>Click the element identified by ``locator``.</doc>
<msg timestamp="20230228 16:17:25.414" level="INFO">Clicking element 'xpath://button[text()='Assign']'.</msg>
<status status="PASS" starttime="20230228 16:17:25.411" endtime="20230228 16:17:26.014"/>
</kw>
<kw name="Sleep" library="BuiltIn">
<arg>1</arg>
<doc>Pauses the test executed for the given time.</doc>
<msg timestamp="20230228 16:17:27.024" level="INFO">Slept 1 second</msg>
<status status="PASS" starttime="20230228 16:17:26.014" endtime="20230228 16:17:27.027"/>
</kw>
<kw name="Log" library="BuiltIn">
<arg>Case assigned to ${userSelect}</arg>
<doc>Logs the given message with the given level.</doc>
<msg timestamp="20230228 16:17:27.031" level="INFO">Case assigned to OPERATION CHECKER</msg>
<status status="PASS" starttime="20230228 16:17:27.029" endtime="20230228 16:17:27.033"/>
</kw>
<kw name="Close Browser" library="SeleniumLibrary">
<doc>Closes the current browser.</doc>
<status status="PASS" starttime="20230228 16:17:27.034" endtime="20230228 16:17:29.502"/>
</kw>
<status status="PASS" starttime="20230228 16:17:20.253" endtime="20230228 16:17:29.503"/>
</kw>
<status status="PASS" starttime="20230228 16:17:20.251" endtime="20230228 16:17:29.504"/>
</kw>
<kw name="Run Keyword If" library="BuiltIn">
<arg>'${selectionStatus}' == 'False'</arg>
<arg>loginPage.Logout and close browser</arg>
<doc>Runs the given keyword with the given arguments, if ``condition`` is true.</doc>
<status status="PASS" starttime="20230228 16:17:29.506" endtime="20230228 16:17:29.511"/>
</kw>
<kw name="Run Keyword If" library="BuiltIn">
<arg>'${selectionStatus}' == 'False'</arg>
<arg>Log</arg>
<arg>There is no ${caseName} case</arg>
<doc>Runs the given keyword with the given arguments, if ``condition`` is true.</doc>
<status status="PASS" starttime="20230228 16:17:29.512" endtime="20230228 16:17:29.515"/>
</kw>
<status status="PASS" starttime="20230228 16:17:07.959" endtime="20230228 16:17:29.516"/>
</kw>
<kw name="Set Variable" library="BuiltIn">
<var>${userName}</var>
<arg>${opsChkUser}</arg>
<doc>Returns the given values which can then be assigned to a variables.</doc>
<msg timestamp="20230228 16:17:29.521" level="INFO">${userName} = operation_checker</msg>
<status status="PASS" starttime="20230228 16:17:29.518" endtime="20230228 16:17:29.524"/>
</kw>
<kw name="Set Variable" library="BuiltIn">
<var>${password}</var>
<arg>${opsChkPw}</arg>
<doc>Returns the given values which can then be assigned to a variables.</doc>
<msg timestamp="20230228 16:17:29.530" level="INFO">${password} = admin</msg>
<status status="PASS" starttime="20230228 16:17:29.526" endtime="20230228 16:17:29.532"/>
</kw>
<kw name="Open triton in browser" library="loginPage">
<kw name="Open Browser" library="SeleniumLibrary">
<arg>${URL}</arg>
<arg>chrome</arg>
<arg>options=add_experimental_option("detach", True)</arg>
<doc>Opens a new browser instance to the optional ``url``.</doc>
<msg timestamp="20230228 16:17:29.547" level="INFO">Opening browser 'chrome' to base url 'http://10.100.10.41:8282/triton/index.html'.</msg>
<status status="PASS" starttime="20230228 16:17:29.537" endtime="20230228 16:17:38.996"/>
</kw>
<kw name="Maximize Browser Window" library="SeleniumLibrary">
<doc>Maximizes current browser window.</doc>
<status status="PASS" starttime="20230228 16:17:38.997" endtime="20230228 16:17:39.341"/>
</kw>
<status status="PASS" starttime="20230228 16:17:29.534" endtime="20230228 16:17:39.343"/>
</kw>
<kw name="login to Triton" library="loginPage">
<arg>${userName}</arg>
<arg>${password}</arg>
<kw name="Input Text" library="SeleniumLibrary">
<arg>xpath://input[@formcontrolname='email']</arg>
<arg>${userName}</arg>
<doc>Types the given ``text`` into the text field identified by ``locator``.</doc>
<msg timestamp="20230228 16:17:39.348" level="INFO">Typing text 'operation_checker' into text field 'xpath://input[@formcontrolname='email']'.</msg>
<status status="PASS" starttime="20230228 16:17:39.346" endtime="20230228 16:17:40.259"/>
</kw>
<kw name="Input Text" library="SeleniumLibrary">
<arg>xpath://input[@formcontrolname='password']</arg>
<arg>${password}</arg>
<doc>Types the given ``text`` into the text field identified by ``locator``.</doc>
<msg timestamp="20230228 16:17:40.262" level="INFO">Typing text 'admin' into text field 'xpath://input[@formcontrolname='password']'.</msg>
<status status="PASS" starttime="20230228 16:17:40.260" endtime="20230228 16:17:41.163"/>
</kw>
<kw name="Sleep" library="BuiltIn">
<arg>2</arg>
<doc>Pauses the test executed for the given time.</doc>
<msg timestamp="20230228 16:17:43.177" level="INFO">Slept 2 seconds</msg>
<status status="PASS" starttime="20230228 16:17:41.164" endtime="20230228 16:17:43.178"/>
</kw>
<kw name="Click Element" library="SeleniumLibrary">
<arg>xpath://span[text()='Login']</arg>
<doc>Click the element identified by ``locator``.</doc>
<msg timestamp="20230228 16:17:43.181" level="INFO">Clicking element 'xpath://span[text()='Login']'.</msg>
<status status="PASS" starttime="20230228 16:17:43.179" endtime="20230228 16:17:43.739"/>
</kw>
<status status="PASS" starttime="20230228 16:17:39.344" endtime="20230228 16:17:43.739"/>
</kw>
<status status="PASS" starttime="20230228 16:17:07.945" endtime="20230228 16:17:43.740"/>
</kw>
<kw name="Ops Checker Approval" library="11__CPOpsCheckerPage">
<doc>Counter Party Ops_Checker Approval</doc>
<kw name="Wait Until Element Is Visible" library="SeleniumLibrary">
<arg>xpath://span[text()='Inbox']</arg>
<arg>timeout=15s</arg>
<doc>Waits until the element ``locator`` is visible.</doc>
<status status="PASS" starttime="20230228 16:17:43.742" endtime="20230228 16:17:45.589"/>
</kw>
<kw name="Set Focus To Element" library="SeleniumLibrary">
<arg>xpath://span[text()='Inbox']</arg>
<doc>Sets the focus to the element identified by ``locator``.</doc>
<status status="PASS" starttime="20230228 16:17:45.590" endtime="20230228 16:17:46.023"/>
</kw>
<kw name="Click Element" library="SeleniumLibrary">
<arg>xpath://span[text()='Inbox']</arg>
<doc>Click the element identified by ``locator``.</doc>
<msg timestamp="20230228 16:17:46.026" level="INFO">Clicking element 'xpath://span[text()='Inbox']'.</msg>
<status status="PASS" starttime="20230228 16:17:46.024" endtime="20230228 16:17:46.553"/>
</kw>
<kw name="Run Keyword" library="BuiltIn">
<arg>Select the case in Inbox</arg>
<doc>Executes the given keyword with the given arguments.</doc>
<kw name="Select the case in Inbox" library="common">
<kw name="Run Keyword And Return Status" library="BuiltIn">
<var>${scrollInbox}</var>
<arg>Wait Until Element Is Visible</arg>
<arg>xpath://td[text()='${caseName}']</arg>
<arg>timeout=15s</arg>
<doc>Runs the given keyword with given arguments and returns the status as a Boolean value.</doc>
<kw name="Wait Until Element Is Visible" library="SeleniumLibrary">
<arg>xpath://td[text()='${caseName}']</arg>
<arg>timeout=15s</arg>
<doc>Waits until the element ``locator`` is visible.</doc>
<status status="PASS" starttime="20230228 16:17:46.557" endtime="20230228 16:17:50.063"/>
</kw>
<msg timestamp="20230228 16:17:50.066" level="INFO">${scrollInbox} = True</msg>
<status status="PASS" starttime="20230228 16:17:46.556" endtime="20230228 16:17:50.067"/>
</kw>
<kw name="Run Keyword If" library="BuiltIn">
<arg>'${scrollInbox}' == 'True'</arg>
<arg>Execute JavaScript</arg>
<arg>var xpath = "//td[text()='${caseName}']"; var element = document.evaluate(xpath, document, null, XPathResult.FIRST_ORDERED_NODE_TYPE, null).singleNodeValue;element.scrollIntoView(true);</arg>
<doc>Runs the given keyword with the given arguments, if ``condition`` is true.</doc>
<kw name="Execute Javascript" library="SeleniumLibrary">
<arg>var xpath = "//td[text()='${caseName}']"; var element = document.evaluate(xpath, document, null, XPathResult.FIRST_ORDERED_NODE_TYPE, null).singleNodeValue;element.scrollIntoView(true);</arg>
<doc>Executes the given JavaScript code with possible arguments.</doc>
<msg timestamp="20230228 16:17:50.075" level="INFO">Executing JavaScript:
var xpath = "//td[text()='Shelby Hinton Ltd']"; var element = document.evaluate(xpath, document, null, XPathResult.FIRST_ORDERED_NODE_TYPE, null).singleNodeValue;element.scrollIntoView(true);
Without any arguments.</msg>
<status status="PASS" starttime="20230228 16:17:50.071" endtime="20230228 16:17:50.313"/>
</kw>
<status status="PASS" starttime="20230228 16:17:50.068" endtime="20230228 16:17:50.314"/>
</kw>
<kw name="Sleep" library="BuiltIn">
<arg>1</arg>
<doc>Pauses the test executed for the given time.</doc>
<msg timestamp="20230228 16:17:51.321" level="INFO">Slept 1 second</msg>
<status status="PASS" starttime="20230228 16:17:50.318" endtime="20230228 16:17:51.323"/>
</kw>
<kw name="Run Keyword If" library="BuiltIn">
<arg>'${scrollInbox}' == 'True'</arg>
<arg>Click Element</arg>
<arg>xpath://td[text()='${caseName}']</arg>
<doc>Runs the given keyword with the given arguments, if ``condition`` is true.</doc>
<kw name="Click Element" library="SeleniumLibrary">
<arg>xpath://td[text()='${caseName}']</arg>
<doc>Click the element identified by ``locator``.</doc>
<msg timestamp="20230228 16:17:51.327" level="INFO">Clicking element 'xpath://td[text()='Shelby Hinton Ltd']'.</msg>
<status status="PASS" starttime="20230228 16:17:51.326" endtime="20230228 16:17:51.851"/>
</kw>
<status status="PASS" starttime="20230228 16:17:51.323" endtime="20230228 16:17:51.852"/>
</kw>
<status status="PASS" starttime="20230228 16:17:46.555" endtime="20230228 16:17:51.852"/>
</kw>
<status status="PASS" starttime="20230228 16:17:46.553" endtime="20230228 16:17:51.853"/>
</kw>
<kw name="Wait Until Element Is Visible" library="SeleniumLibrary">
<arg>xpath:(//button[text()='Next'])[8]</arg>
<arg>timeout=15s</arg>
<doc>Waits until the element ``locator`` is visible.</doc>
<status status="PASS" starttime="20230228 16:17:51.854" endtime="20230228 16:17:54.998"/>
</kw>
<kw name="Set Focus To Element" library="SeleniumLibrary">
<arg>xpath:(//button[text()='Next'])[8]</arg>
<doc>Sets the focus to the element identified by ``locator``.</doc>
<status status="PASS" starttime="20230228 16:17:55.000" endtime="20230228 16:17:55.457"/>
</kw>
<kw name="Sleep" library="BuiltIn">
<arg>2</arg>
<doc>Pauses the test executed for the given time.</doc>
<msg timestamp="20230228 16:17:57.461" level="INFO">Slept 2 seconds</msg>
<status status="PASS" starttime="20230228 16:17:55.458" endtime="20230228 16:17:57.465"/>
</kw>
<kw name="Click Element" library="SeleniumLibrary">
<arg>xpath:(//button[text()='Next'])[8]</arg>
<doc>Click the element identified by ``locator``.</doc>
<msg timestamp="20230228 16:17:57.469" level="INFO">Clicking element 'xpath:(//button[text()='Next'])[8]'.</msg>
<status status="PASS" starttime="20230228 16:17:57.466" endtime="20230228 16:17:58.051"/>
</kw>
<for flavor="IN RANGE">
<var>${i}</var>
<value>1</value>
<value>2</value>
<iter>
<var name="${i}">1</var>
<kw name="Set Focus To Element" library="SeleniumLibrary">
<arg>xpath:(//button[@type='button'])[${i}]</arg>
<doc>Sets the focus to the element identified by ``locator``.</doc>
<status status="PASS" starttime="20230228 16:17:58.056" endtime="20230228 16:17:58.516"/>
</kw>
<kw name="Sleep" library="BuiltIn">
<arg>2</arg>
<doc>Pauses the test executed for the given time.</doc>
<msg timestamp="20230228 16:18:00.536" level="INFO">Slept 2 seconds</msg>
<status status="PASS" starttime="20230228 16:17:58.518" endtime="20230228 16:18:00.538"/>
</kw>
<kw name="Click Element" library="SeleniumLibrary">
<arg>xpath:(//button[@type='button'])[${i}]</arg>
<doc>Click the element identified by ``locator``.</doc>
<msg timestamp="20230228 16:18:00.546" level="INFO">Clicking element 'xpath:(//button[@type='button'])[1]'.</msg>
<status status="PASS" starttime="20230228 16:18:00.540" endtime="20230228 16:18:01.111"/>
</kw>
<status status="PASS" starttime="20230228 16:17:58.055" endtime="20230228 16:18:01.114"/>
</iter>
<status status="PASS" starttime="20230228 16:17:58.053" endtime="20230228 16:18:01.115"/>
</for>
<kw name="Sleep" library="BuiltIn">
<arg>3</arg>
<doc>Pauses the test executed for the given time.</doc>
<msg timestamp="20230228 16:18:04.128" level="INFO">Slept 3 seconds</msg>
<status status="PASS" starttime="20230228 16:18:01.117" endtime="20230228 16:18:04.130"/>
</kw>
<kw name="Wait Until Element Is Visible" library="SeleniumLibrary">
<arg>xpath://button[text()='Approve']</arg>
<arg>timeout=15s</arg>
<doc>Waits until the element ``locator`` is visible.</doc>
<status status="PASS" starttime="20230228 16:18:04.131" endtime="20230228 16:18:04.625"/>
</kw>
<kw name="Set Focus To Element" library="SeleniumLibrary">
<arg>xpath://button[text()='Approve']</arg>
<doc>Sets the focus to the element identified by ``locator``.</doc>
<status status="PASS" starttime="20230228 16:18:04.628" endtime="20230228 16:18:05.091"/>
</kw>
<kw name="Sleep" library="BuiltIn">
<arg>2</arg>
<doc>Pauses the test executed for the given time.</doc>
<msg timestamp="20230228 16:18:07.097" level="INFO">Slept 2 seconds</msg>
<status status="PASS" starttime="20230228 16:18:05.094" endtime="20230228 16:18:07.099"/>
</kw>
<kw name="Click Element" library="SeleniumLibrary">
<arg>xpath://button[text()='Approve']</arg>
<doc>Click the element identified by ``locator``.</doc>
<msg timestamp="20230228 16:18:07.103" level="INFO">Clicking element 'xpath://button[text()='Approve']'.</msg>
<status status="PASS" starttime="20230228 16:18:07.100" endtime="20230228 16:18:07.859"/>
</kw>
<kw name="Input Text" library="SeleniumLibrary">
<arg>xpath://textarea[@class='swal2-textarea']</arg>
<arg>Approved</arg>
<doc>Types the given ``text`` into the text field identified by ``locator``.</doc>
<msg timestamp="20230228 16:18:07.862" level="INFO">Typing text 'Approved' into text field 'xpath://textarea[@class='swal2-textarea']'.</msg>
<status status="PASS" starttime="20230228 16:18:07.860" endtime="20230228 16:18:08.790"/>
</kw>
<kw name="Wait Until Element Is Visible" library="SeleniumLibrary">
<arg>xpath:(//button[text()='Submit'])[2]</arg>
<arg>timeout=10s</arg>
<doc>Waits until the element ``locator`` is visible.</doc>
<status status="PASS" starttime="20230228 16:18:08.792" endtime="20230228 16:18:09.270"/>
</kw>
<kw name="Set Focus To Element" library="SeleniumLibrary">
<arg>xpath:(//button[text()='Submit'])[2]</arg>
<doc>Sets the focus to the element identified by ``locator``.</doc>
<status status="PASS" starttime="20230228 16:18:09.272" endtime="20230228 16:18:09.738"/>
</kw>
<kw name="Click Element" library="SeleniumLibrary">
<arg>xpath:(//button[text()='Submit'])[2]</arg>
<doc>Click the element identified by ``locator``.</doc>
<msg timestamp="20230228 16:18:09.744" level="INFO">Clicking element 'xpath:(//button[text()='Submit'])[2]'.</msg>
<status status="PASS" starttime="20230228 16:18:09.741" endtime="20230228 16:18:10.550"/>
</kw>
<kw name="Close Window" library="SeleniumLibrary">
<doc>Closes currently opened and selected browser window/tab.</doc>
<status status="PASS" starttime="20230228 16:18:10.552" endtime="20230228 16:18:10.952"/>
</kw>
<status status="PASS" starttime="20230228 16:17:43.740" endtime="20230228 16:18:10.954"/>
</kw>
<kw name="Log" library="BuiltIn">
<arg>Counter party onboarded into Triton</arg>
<doc>Logs the given message with the given level.</doc>
<msg timestamp="20230228 16:18:10.958" level="INFO">Counter party onboarded into Triton</msg>
<status status="PASS" starttime="20230228 16:18:10.955" endtime="20230228 16:18:10.960"/>
</kw>
<status status="PASS" starttime="20230228 16:12:55.510" endtime="20230228 16:18:10.961"/>
</kw>
<kw name="Log" library="BuiltIn">
<arg>Anchor and Counter party onboarded into Triton</arg>
<doc>Logs the given message with the given level.</doc>
<msg timestamp="20230228 16:18:10.967" level="INFO">Anchor and Counter party onboarded into Triton</msg>
<status status="PASS" starttime="20230228 16:18:10.964" endtime="20230228 16:18:10.969"/>
</kw>
<doc>Regression test for Triton</doc>
<status status="PASS" starttime="20230228 16:12:55.507" endtime="20230228 16:18:10.977"/>
</test>
<status status="PASS" starttime="20230228 16:12:52.581" endtime="20230228 16:18:10.983"/>
</suite>
<status status="PASS" starttime="20230228 16:12:52.575" endtime="20230228 16:18:10.996"/>
</suite>
<status status="PASS" starttime="20230228 16:12:52.525" endtime="20230228 16:18:11.007"/>
</suite>
<statistics>
<total>
<stat pass="1" fail="0" skip="0">All Tests</stat>
</total>
<tag>
</tag>
<suite>
<stat pass="1" fail="0" skip="0" id="s1" name="UI Suite">UI Suite</stat>
<stat pass="1" fail="0" skip="0" id="s1-s1" name="Testcases">UI Suite.Testcases</stat>
<stat pass="1" fail="0" skip="0" id="s1-s1-s1" name="regressionTest">UI Suite.Testcases.regressionTest</stat>
</suite>
</statistics>
<errors>
</errors>
</robot>
